2021-11-17 03:55:48,958 gui            INFO  Starting game of type TUTORIAL_2
2021-11-17 03:55:48,960 gui           DEBUG  Current GUI state: CLOSED
2021-11-17 03:55:48,960 gui            INFO  Opening the League of Legends client...
2021-11-17 03:55:49,061 gui           DEBUG  Current GUI state: CLOSED
2021-11-17 03:55:54,125 gui           DEBUG  Current GUI state: CLOSED
2021-11-17 03:55:59,126 gui           DEBUG  Current GUI state: MENU
2021-11-17 03:56:09,549 gui           DEBUG  Current GUI state: MENU
2021-11-17 03:56:09,549 gui            INFO  Client opened!
2021-11-17 03:56:09,550 gui           DEBUG  Current GUI state: MENU
2021-11-17 04:40:45,952 gui            INFO  Starting game of type TUTORIAL_2
2021-11-17 04:40:45,953 gui           DEBUG  Current GUI state: CLOSED
2021-11-17 04:40:45,953 gui            INFO  Opening the League of Legends client...
2021-11-17 04:40:46,071 gui           DEBUG  Current GUI state: CLOSED
2021-11-17 04:40:51,267 gui           DEBUG  Current GUI state: CLOSED
2021-11-17 04:40:56,331 gui           DEBUG  Current GUI state: MENU
2021-11-17 04:41:06,401 gui           DEBUG  Current GUI state: MENU
2021-11-17 04:41:06,403 gui            INFO  Client opened!
2021-11-17 04:41:06,405 gui           DEBUG  Current GUI state: MENU
2021-11-17 04:41:58,972 gui            INFO  Starting game of type TUTORIAL_2
2021-11-17 04:41:58,975 gui           DEBUG  Current GUI state: MENU
2021-11-17 04:41:58,975 gui            INFO  Client is already on
2021-11-17 04:41:58,976 gui           DEBUG  Current GUI state: MENU
2021-11-17 04:42:30,414 gui            INFO  Starting game of type TUTORIAL_2
2021-11-17 04:42:30,418 gui           DEBUG  Current GUI state: MENU
2021-11-17 04:42:30,419 gui            INFO  Client is already on
2021-11-17 04:42:30,420 gui           DEBUG  Current GUI state: MENU
2021-11-17 04:43:10,295 gui            INFO  Starting game of type TUTORIAL_2
2021-11-17 04:43:10,297 gui           DEBUG  Current GUI state: MENU
2021-11-17 04:43:10,297 gui            INFO  Client is already on
2021-11-17 04:43:10,298 gui           DEBUG  Current GUI state: CLOSED
2021-11-17 04:43:43,517 gui            INFO  Starting game of type TUTORIAL_2
2021-11-17 04:43:43,518 gui           DEBUG  Current GUI state: CLOSED
2021-11-17 04:43:43,518 gui            INFO  Opening the League of Legends client...
2021-11-17 04:43:43,584 gui           DEBUG  Current GUI state: CLOSED
2021-11-17 04:43:48,549 gui           DEBUG  Current GUI state: CLOSED
2021-11-17 04:43:53,565 gui           DEBUG  Current GUI state: MENU
2021-11-17 04:44:03,818 gui           DEBUG  Current GUI state: MENU
2021-11-17 04:44:03,819 gui            INFO  Client opened!
2021-11-17 04:44:03,820 gui           DEBUG  Current GUI state: MENU
2021-11-17 04:47:30,015 gui            INFO  Starting game of type TUTORIAL_2
2021-11-17 04:47:30,016 gui           DEBUG  Current GUI state: MENU
2021-11-17 04:47:30,016 gui            INFO  Client is already on
2021-11-17 04:47:30,016 gui           DEBUG  Current GUI state: MENU
2021-11-17 05:05:58,576 gui            INFO  Starting game of type TUTORIAL_2
2021-11-17 05:05:58,576 gui           DEBUG  Current GUI state: CLOSED
2021-11-17 05:05:58,576 gui            INFO  Opening the League of Legends client...
2021-11-17 05:05:58,658 gui           DEBUG  Current GUI state: CLOSED
2021-11-17 05:06:03,534 gui           DEBUG  Current GUI state: CLOSED
2021-11-17 05:06:08,366 gui           DEBUG  Current GUI state: MENU
2021-11-17 05:14:47,230 gui            INFO  Starting game of type TUTORIAL_2
2021-11-17 05:14:47,231 gui           DEBUG  Current GUI state: MENU
2021-11-17 05:14:47,231 gui            INFO  Client is already on
2021-11-17 05:14:47,232 gui           DEBUG  Current GUI state: MENU
2021-11-17 05:15:00,450 gui            INFO  Starting game of type TUTORIAL_2
2021-11-17 05:15:00,452 gui           DEBUG  Current GUI state: MENU
2021-11-17 05:15:00,452 gui            INFO  Client is already on
2021-11-17 05:15:00,452 gui           DEBUG  Current GUI state: MENU
2021-11-17 05:20:50,106 gui            INFO  Starting game of type TUTORIAL_2
2021-11-17 05:20:50,109 gui           DEBUG  Current GUI state: MENU
2021-11-17 05:20:50,110 gui            INFO  Client is already on
2021-11-17 05:20:50,111 gui           DEBUG  Current GUI state: MENU
2021-11-17 05:21:00,081 gui            INFO  Starting game of type TUTORIAL_2
2021-11-17 05:21:00,081 gui           DEBUG  Current GUI state: MENU
2021-11-17 05:21:00,081 gui            INFO  Client is already on
2021-11-17 05:21:00,082 gui           DEBUG  Current GUI state: MENU
2021-11-17 05:22:06,533 gui            INFO  Starting game of type TUTORIAL_2
2021-11-17 05:22:06,538 gui           DEBUG  Current GUI state: MENU
2021-11-17 05:22:06,539 gui            INFO  Client is already on
2021-11-17 05:22:06,540 gui           DEBUG  Current GUI state: MENU
2021-11-17 05:22:49,827 gui            INFO  Starting game of type TUTORIAL_2
2021-11-17 05:22:49,832 gui           DEBUG  Current GUI state: GAME
2021-11-17 05:22:49,832 gui            INFO  Client is already on
2021-11-17 05:22:49,833 gui           DEBUG  Current GUI state: GAME
2021-11-17 05:22:49,833 gui           ERROR  Unable to start game: Another game is currently in progress
2021-11-17 05:38:45,672 gui            INFO  Starting game of type TUTORIAL_2
2021-11-17 05:38:45,676 gui           DEBUG  Current GUI state: MENU
2021-11-17 05:38:45,676 gui            INFO  Client is already on
2021-11-17 05:38:45,677 gui           DEBUG  Current GUI state: MENU
2021-11-17 05:39:37,237 gui            INFO  Starting game of type TUTORIAL_2
2021-11-17 05:39:37,239 gui           DEBUG  Current GUI state: MENU
2021-11-17 05:39:37,239 gui            INFO  Client is already on
2021-11-17 05:39:37,241 gui           DEBUG  Current GUI state: MENU
2021-11-17 05:48:22,266 gui            INFO  Starting game of type TUTORIAL_2
2021-11-17 05:48:22,269 gui           DEBUG  Current GUI state: MENU
2021-11-17 05:48:22,270 gui            INFO  Client is already on
2021-11-17 05:48:22,270 gui           DEBUG  Current GUI state: MENU
2021-11-17 09:04:16,206 gui            INFO  Starting game of type TUTORIAL_2
2021-11-17 09:04:16,208 gui           DEBUG  Current GUI state: CLOSED
2021-11-17 09:04:16,209 gui            INFO  Opening the League of Legends client...
2021-11-17 09:04:16,380 gui           DEBUG  Current GUI state: CLOSED
2021-11-17 09:04:21,595 gui           DEBUG  Current GUI state: CLOSED
2021-11-17 09:04:26,452 gui           DEBUG  Current GUI state: MENU
2021-11-17 09:04:36,799 gui           DEBUG  Current GUI state: MENU
2021-11-17 09:04:36,799 gui            INFO  Client opened!
2021-11-17 09:04:36,800 gui           DEBUG  Current GUI state: MENU
2021-11-17 14:17:22,413 gui            INFO  Starting game of type TUTORIAL_2
2021-11-17 14:17:22,414 gui           DEBUG  Current GUI state: CLOSED
2021-11-17 14:17:22,414 gui            INFO  Opening the League of Legends client...
2021-11-17 14:17:22,509 gui           DEBUG  Current GUI state: CLOSED
2021-11-17 14:17:27,661 gui           DEBUG  Current GUI state: CLOSED
2021-11-17 14:17:32,810 gui           DEBUG  Current GUI state: CLOSED
2021-11-17 14:17:37,490 gui           DEBUG  Current GUI state: MENU
2021-11-17 14:17:47,828 gui           DEBUG  Current GUI state: MENU
2021-11-17 14:17:47,829 gui            INFO  Client opened!
2021-11-17 14:17:47,829 gui           DEBUG  Current GUI state: MENU
2021-11-17 14:28:44,398 gui            INFO  Starting game of type TUTORIAL_2
2021-11-17 14:28:44,399 gui           DEBUG  Current GUI state: GAME
2021-11-17 14:28:44,399 gui            INFO  Client is already on
2021-11-17 14:28:44,400 gui           DEBUG  Current GUI state: GAME
2021-11-17 14:28:44,400 gui           ERROR  Unable to start game: Another game is currently in progress
2021-11-17 14:33:26,561 gui            INFO  Starting game of type TUTORIAL_2
2021-11-17 14:33:26,562 gui           DEBUG  Current GUI state: GAME
2021-11-17 14:33:26,562 gui            INFO  Client is already on
2021-11-17 14:33:26,564 gui           DEBUG  Current GUI state: GAME
2021-11-17 14:33:26,564 gui           ERROR  Unable to start game: Another game is currently in progress
2021-11-17 15:09:35,334 gui            INFO  Starting game of type TUTORIAL_2
2021-11-17 15:09:35,336 gui           DEBUG  Current GUI state: CLOSED
2021-11-17 15:09:35,337 gui            INFO  Opening the League of Legends client...
2021-11-17 15:09:35,439 gui           DEBUG  Current GUI state: CLOSED
2021-11-17 15:09:40,558 gui           DEBUG  Current GUI state: CLOSED
2021-11-17 15:09:45,537 gui           DEBUG  Current GUI state: MENU
2021-11-17 15:09:54,989 gui           DEBUG  Current GUI state: MENU
2021-11-17 15:09:54,989 gui            INFO  Client opened!
2021-11-17 15:09:54,990 gui           DEBUG  Current GUI state: MENU
2021-11-17 15:10:59,077 gui            INFO  Starting game of type TUTORIAL_2
2021-11-17 15:10:59,081 gui           DEBUG  Current GUI state: MENU
2021-11-17 15:10:59,081 gui            INFO  Client is already on
2021-11-17 15:10:59,082 gui           DEBUG  Current GUI state: MENU
2021-11-17 15:12:20,720 gui            INFO  Starting game of type TUTORIAL_2
2021-11-17 15:12:20,722 gui           DEBUG  Current GUI state: GAME
2021-11-17 15:12:20,722 gui            INFO  Client is already on
2021-11-17 15:12:20,723 gui           DEBUG  Current GUI state: GAME
2021-11-17 15:12:20,724 gui           ERROR  Unable to start game: Another game is currently in progress
2021-11-17 15:13:31,335 gui            INFO  Starting game of type TUTORIAL_2
2021-11-17 15:13:31,337 gui           DEBUG  Current GUI state: MENU
2021-11-17 15:13:31,337 gui            INFO  Client is already on
2021-11-17 15:13:31,338 gui           DEBUG  Current GUI state: MENU
