2021-11-17 03:55:45,536 keyboard       INFO  
    Shift-H: Display help menu
    Shift-Q: Quit the program
    Shift-T: Toggles the bot's mouse and keyboard control
    Shift-M: Starts a game (Tutorial Part 2)
    
2021-11-17 03:55:47,451 keyboard       INFO  Shift-T pressed, toggling bot...
2021-11-17 03:55:48,957 keyboard       INFO  Shift-M pressed, starting game...
2021-11-17 03:56:32,194 keyboard       INFO  Shift-Q pressed, exiting...
2021-11-17 04:40:45,951 keyboard       INFO  Shift-M pressed, starting game...
2021-11-17 04:41:58,972 keyboard       INFO  Shift-M pressed, starting game...
2021-11-17 04:42:30,413 keyboard       INFO  Shift-M pressed, starting game...
2021-11-17 04:43:10,294 keyboard       INFO  Shift-M pressed, starting game...
2021-11-17 04:43:43,517 keyboard       INFO  Shift-M pressed, starting game...
2021-11-17 04:47:30,015 keyboard       INFO  Shift-M pressed, starting game...
2021-11-17 05:05:52,470 keyboard       INFO  Shift-T pressed, toggling bot...
2021-11-17 05:05:58,576 keyboard       INFO  Shift-M pressed, starting game...
2021-11-17 05:14:44,413 keyboard       INFO  Shift-T pressed, toggling bot...
2021-11-17 05:14:46,033 keyboard       INFO  Shift-T pressed, toggling bot...
2021-11-17 05:14:47,230 keyboard       INFO  Shift-M pressed, starting game...
2021-11-17 05:15:00,450 keyboard       INFO  Shift-M pressed, starting game...
2021-11-17 05:18:19,208 keyboard       INFO  Shift-T pressed, toggling bot...
2021-11-17 05:20:50,105 keyboard       INFO  Shift-M pressed, starting game...
2021-11-17 05:21:00,080 keyboard       INFO  Shift-M pressed, starting game...
2021-11-17 05:22:06,533 keyboard       INFO  Shift-M pressed, starting game...
2021-11-17 05:22:49,827 keyboard       INFO  Shift-M pressed, starting game...
2021-11-17 05:38:12,166 keyboard       INFO  
    Shift-H: Display help menu
    Shift-Q: Quit the program
    Shift-T: Toggles the bot's mouse and keyboard control
    Shift-M: Starts a game (Tutorial Part 2)
    
2021-11-17 05:38:13,471 keyboard       INFO  
    Shift-H: Display help menu
    Shift-Q: Quit the program
    Shift-T: Toggles the bot's mouse and keyboard control
    Shift-M: Starts a game (Tutorial Part 2)
    
2021-11-17 05:38:14,135 keyboard       INFO  
    Shift-H: Display help menu
    Shift-Q: Quit the program
    Shift-T: Toggles the bot's mouse and keyboard control
    Shift-M: Starts a game (Tutorial Part 2)
    
2021-11-17 05:38:29,740 keyboard       INFO  
    Shift-H: Display help menu
    Shift-Q: Quit the program
    Shift-T: Toggles the bot's mouse and keyboard control
    Shift-M: Starts a game (Tutorial Part 2)
    
2021-11-17 05:38:30,296 keyboard       INFO  
    Shift-H: Display help menu
    Shift-Q: Quit the program
    Shift-T: Toggles the bot's mouse and keyboard control
    Shift-M: Starts a game (Tutorial Part 2)
    
2021-11-17 05:38:33,818 keyboard       INFO  
    Shift-H: Display help menu
    Shift-Q: Quit the program
    Shift-T: Toggles the bot's mouse and keyboard control
    Shift-M: Starts a game (Tutorial Part 2)
    
2021-11-17 05:38:35,374 keyboard       INFO  
    Shift-H: Display help menu
    Shift-Q: Quit the program
    Shift-T: Toggles the bot's mouse and keyboard control
    Shift-M: Starts a game (Tutorial Part 2)
    
2021-11-17 05:38:37,467 keyboard       INFO  Shift-Q pressed, exiting...
2021-11-17 05:38:42,768 keyboard       INFO  Shift-T pressed, toggling bot...
2021-11-17 05:38:43,467 keyboard       INFO  Shift-T pressed, toggling bot...
2021-11-17 05:38:43,758 keyboard       INFO  Shift-T pressed, toggling bot...
2021-11-17 05:38:43,947 keyboard       INFO  Shift-T pressed, toggling bot...
2021-11-17 05:38:44,127 keyboard       INFO  Shift-T pressed, toggling bot...
2021-11-17 05:38:44,259 keyboard       INFO  Shift-T pressed, toggling bot...
2021-11-17 05:38:45,671 keyboard       INFO  Shift-M pressed, starting game...
2021-11-17 05:39:37,236 keyboard       INFO  Shift-M pressed, starting game...
2021-11-17 05:48:22,264 keyboard       INFO  Shift-M pressed, starting game...
2021-11-17 05:49:15,209 keyboard       INFO  Shift-T pressed, toggling bot...
2021-11-17 08:54:33,131 keyboard       INFO  
    Shift-H: Display help menu
    Shift-Q: Quit the program
    Shift-T: Toggles the bot's mouse and keyboard control
    Shift-M: Starts a game (Tutorial Part 2)
    
2021-11-17 09:03:08,789 keyboard       INFO  
    Shift-H: Display help menu
    Shift-Q: Quit the program
    Shift-T: Toggles the bot's mouse and keyboard control
    Shift-M: Starts a game (Tutorial Part 2)
    
2021-11-17 09:04:16,205 keyboard       INFO  Shift-M pressed, starting game...
2021-11-17 14:17:22,411 keyboard       INFO  Shift-M pressed, starting game...
2021-11-17 14:23:07,660 keyboard       INFO  Shift-T pressed, toggling bot...
2021-11-17 14:28:44,398 keyboard       INFO  Shift-M pressed, starting game...
2021-11-17 14:33:26,560 keyboard       INFO  Shift-M pressed, starting game...
2021-11-17 15:09:34,278 keyboard       INFO  
    Shift-H: Display help menu
    Shift-Q: Quit the program
    Shift-T: Toggles the bot's mouse and keyboard control
    Shift-M: Starts a game (Tutorial Part 2)
    
2021-11-17 15:09:35,333 keyboard       INFO  Shift-M pressed, starting game...
2021-11-17 15:10:59,076 keyboard       INFO  Shift-M pressed, starting game...
2021-11-17 15:12:20,720 keyboard       INFO  Shift-M pressed, starting game...
2021-11-17 15:13:30,118 keyboard       INFO  
    Shift-H: Display help menu
    Shift-Q: Quit the program
    Shift-T: Toggles the bot's mouse and keyboard control
    Shift-M: Starts a game (Tutorial Part 2)
    
2021-11-17 15:13:31,334 keyboard       INFO  Shift-M pressed, starting game...
2021-11-17 15:14:09,166 keyboard       INFO  Shift-T pressed, toggling bot...
