2021-11-17 03:55:44,455 main           INFO  Starting up!
2021-11-17 03:55:44,456 main           INFO  For a list of commands, press Shift-H
2021-11-17 03:56:32,274 main           INFO  See you next time :)
2021-11-17 04:40:35,568 main           INFO  Starting up!
2021-11-17 04:40:35,568 main           INFO  For a list of commands, press Shift-H
2021-11-17 04:40:41,456 main           INFO  See you next time :)
2021-11-17 04:40:44,891 main           INFO  Starting up!
2021-11-17 04:40:44,892 main           INFO  For a list of commands, press Shift-H
2021-11-17 04:41:53,240 main           INFO  See you next time :)
2021-11-17 04:41:57,252 main           INFO  Starting up!
2021-11-17 04:41:57,252 main           INFO  For a list of commands, press Shift-H
2021-11-17 04:42:11,940 main           INFO  See you next time :)
2021-11-17 04:42:29,181 main           INFO  Starting up!
2021-11-17 04:42:29,182 main           INFO  For a list of commands, press Shift-H
2021-11-17 04:43:01,601 main           INFO  See you next time :)
2021-11-17 04:43:05,272 main           INFO  Starting up!
2021-11-17 04:43:05,272 main           INFO  For a list of commands, press Shift-H
2021-11-17 04:43:30,694 main           INFO  See you next time :)
2021-11-17 04:43:41,904 main           INFO  Starting up!
2021-11-17 04:43:41,905 main           INFO  For a list of commands, press Shift-H
2021-11-17 04:44:41,465 main           INFO  See you next time :)
2021-11-17 04:45:00,276 main           INFO  Starting up!
2021-11-17 04:45:13,825 main           INFO  Starting up!
2021-11-17 04:47:29,074 main           INFO  Starting up!
2021-11-17 04:47:45,719 main           INFO  Starting up!
2021-11-17 04:48:24,310 main           INFO  Starting up!
2021-11-17 04:49:50,390 main           INFO  Starting up!
2021-11-17 04:50:31,471 main           INFO  Starting up!
2021-11-17 04:53:10,585 main           INFO  Starting up!
2021-11-17 04:53:27,333 main           INFO  Starting up!
2021-11-17 04:53:39,353 main           INFO  Starting up!
2021-11-17 04:55:58,321 main           INFO  Starting up!
2021-11-17 04:56:16,505 main           INFO  Starting up!
2021-11-17 05:00:35,772 main           INFO  Starting up!
2021-11-17 05:04:51,625 main           INFO  Starting up!
2021-11-17 05:07:03,188 main           INFO  Starting up!
2021-11-17 05:07:03,188 main        WARNING  MENU_DEBUG is on: Debugging menu
2021-11-17 05:08:00,749 main           INFO  Starting up!
2021-11-17 05:08:00,749 main        WARNING  MENU_DEBUG is on: Debugging menu
2021-11-17 05:09:34,733 main           INFO  Starting up!
2021-11-17 05:09:34,734 main        WARNING  MENU_DEBUG is on: Debugging menu
2021-11-17 05:10:52,391 main           INFO  Starting up!
2021-11-17 05:10:52,391 main        WARNING  MENU_DEBUG is on: Debugging menu
2021-11-17 05:13:23,512 main           INFO  Starting up!
2021-11-17 05:13:23,512 main        WARNING  MENU_DEBUG is on: Debugging menu
2021-11-17 05:16:29,609 main           INFO  Starting up!
2021-11-17 05:16:29,610 main        WARNING  MENU_DEBUG is on: Debugging menu
2021-11-17 05:18:32,230 main           INFO  Starting up!
2021-11-17 05:18:32,231 main        WARNING  MENU_DEBUG is on: Debugging menu
2021-11-17 05:18:50,741 main           INFO  Starting up!
2021-11-17 05:18:50,741 main        WARNING  MENU_DEBUG is on: Debugging menu
2021-11-17 05:18:55,140 main           INFO  Starting up!
2021-11-17 05:18:55,141 main        WARNING  MENU_DEBUG is on: Debugging menu
2021-11-17 05:19:49,333 main           INFO  Starting up!
2021-11-17 05:19:49,333 main        WARNING  MENU_DEBUG is on: Debugging menu
2021-11-17 05:20:23,717 main           INFO  Starting up!
2021-11-17 05:20:23,718 main        WARNING  MENU_DEBUG is on: Debugging menu
2021-11-17 05:20:29,022 main           INFO  Starting up!
2021-11-17 05:20:29,023 main        WARNING  MENU_DEBUG is on: Debugging menu
2021-11-17 05:20:37,882 main           INFO  Starting up!
2021-11-17 05:20:37,882 main        WARNING  MENU_DEBUG is on: Debugging menu
2021-11-17 05:21:31,447 main           INFO  Starting up!
2021-11-17 05:21:31,447 main           INFO  For a list of commands, press Shift-H
2021-11-17 05:22:00,657 main           INFO  See you next time :)
2021-11-17 05:22:05,758 main           INFO  Starting up!
2021-11-17 05:22:05,758 main           INFO  For a list of commands, press Shift-H
2021-11-17 05:22:44,370 main           INFO  See you next time :)
2021-11-17 05:22:48,664 main           INFO  Starting up!
2021-11-17 05:22:48,665 main           INFO  For a list of commands, press Shift-H
2021-11-17 05:24:56,121 main           INFO  See you next time :)
2021-11-17 05:38:09,665 main           INFO  Starting up!
2021-11-17 05:38:09,666 main           INFO  For a list of commands, press Shift-H
2021-11-17 05:38:37,501 main           INFO  See you next time :)
2021-11-17 05:38:41,916 main           INFO  Starting up!
2021-11-17 05:38:41,916 main           INFO  For a list of commands, press Shift-H
2021-11-17 05:43:35,208 main           INFO  See you next time :)
2021-11-17 05:48:20,775 main           INFO  Starting up!
2021-11-17 05:48:20,776 main           INFO  For a list of commands, press Shift-H
2021-11-17 05:49:16,906 main           INFO  See you next time :)
2021-11-17 05:49:20,260 main           INFO  Starting up!
2021-11-17 05:49:20,261 main        WARNING  MENU_DEBUG is on: Debugging menu
2021-11-17 05:53:17,508 main           INFO  Starting up!
2021-11-17 05:53:17,509 main        WARNING  MENU_DEBUG is on: Debugging menu
2021-11-17 05:57:05,357 main           INFO  Starting up!
2021-11-17 05:57:05,358 main        WARNING  MENU_DEBUG is on: Debugging menu
2021-11-17 08:54:24,731 main           INFO  Starting up!
2021-11-17 08:54:24,732 main           INFO  For a list of commands, press Shift-H
2021-11-17 09:05:49,795 main           INFO  See you next time :)
2021-11-17 14:16:42,944 main           INFO  Starting up!
2021-11-17 14:16:42,945 main        WARNING  GAME_DEBUG is on: Debugging game
2021-11-17 14:17:19,522 main           INFO  Starting up!
2021-11-17 14:17:19,522 main           INFO  For a list of commands, press Shift-H
2021-11-17 14:23:09,145 main           INFO  See you next time :)
2021-11-17 14:23:13,355 main           INFO  Starting up!
2021-11-17 14:23:13,356 main        WARNING  GAME_DEBUG is on: Debugging game
2021-11-17 15:08:04,975 main           INFO  Starting up!
2021-11-17 15:08:04,976 main        WARNING  GAME_DEBUG is on: Debugging game
2021-11-17 15:08:40,952 main           INFO  Starting up!
2021-11-17 15:08:40,953 main        WARNING  GAME_DEBUG is on: Debugging game
2021-11-17 15:09:31,515 main           INFO  Starting up!
2021-11-17 15:09:31,515 main           INFO  For a list of commands, press Shift-H
2021-11-17 15:10:51,104 main           INFO  See you next time :)
2021-11-17 15:10:58,205 main           INFO  Starting up!
2021-11-17 15:10:58,206 main           INFO  For a list of commands, press Shift-H
2021-11-17 15:12:40,276 main           INFO  See you next time :)
2021-11-17 15:13:06,962 main           INFO  Starting up!
2021-11-17 15:13:06,962 main           INFO  For a list of commands, press Shift-H
2021-11-17 15:14:11,245 main           INFO  See you next time :)
2021-11-17 15:14:14,779 main           INFO  Starting up!
2021-11-17 15:14:14,779 main        WARNING  GAME_DEBUG is on: Debugging game
2021-11-17 15:16:37,093 main           INFO  Starting up!
2021-11-17 15:16:37,093 main        WARNING  GAME_DEBUG is on: Debugging game
2021-11-17 15:33:59,013 main           INFO  Starting up!
2021-11-17 15:33:59,014 main        WARNING  GAME_DEBUG is on: Debugging game
2021-11-18 13:27:42,765 main           INFO  Starting up!
2021-11-18 13:27:42,766 main        WARNING  GAME_DEBUG is on: Debugging game
2021-11-18 13:29:13,401 main           INFO  Starting up!
2021-11-18 13:29:13,402 main        WARNING  GAME_DEBUG is on: Debugging game
