2021-11-17 03:56:10,180 menu          DEBUG  Current menu state: NOT_VISIBLE
2021-11-17 03:56:14,649 menu          DEBUG  Current menu state: OTHER
2021-11-17 03:56:14,649 menu          DEBUG  Navigating to home
2021-11-17 03:56:15,568 menu          DEBUG  Current menu state: OTHER
2021-11-17 03:56:18,560 menu          DEBUG  Current menu state: OTHER
2021-11-17 03:56:21,498 menu          DEBUG  Current menu state: OTHER
2021-11-17 03:56:24,365 menu          DEBUG  Current menu state: OTHER
2021-11-17 03:56:24,365 menu          ERROR  Unable to start game: Could not navigate to home screen
2021-11-17 04:41:06,519 menu           INFO  (743.0, 551.0703125)
2021-11-17 04:41:58,996 menu           INFO  (739.453125, 702.7109375)
2021-11-17 04:42:30,439 menu           INFO  (717.015625, 714.6640625)
2021-11-17 04:43:10,310 menu           INFO  (961.88671875, 753.609375)
2021-11-17 04:44:03,837 menu           INFO  (1103.515625, 863.99609375)
2021-11-17 04:45:00,283 menu           INFO  (835.484375, 776.22265625)
2021-11-17 04:45:13,836 menu           INFO  (1068.859375, 899.98046875)
2021-11-17 04:47:29,079 menu           INFO  (636.59375, 720.75)
2021-11-17 04:47:30,017 menu           INFO  (674.57421875, 734.8671875)
2021-11-17 04:47:45,728 menu           INFO  (1063.57421875, 899.98046875)
2021-11-17 04:48:24,317 menu           INFO  (915.359375, 659.59375)
2021-11-17 04:49:50,399 menu           INFO  (941.33203125, 868.63671875)
2021-11-17 04:50:31,479 menu           INFO  (869.5859375, 750.1015625)
2021-11-17 04:53:10,592 menu           INFO  (955.46484375, 688.73828125)
2021-11-17 04:53:27,341 menu           INFO  (710.48046875, 708.16796875)
2021-11-17 04:53:39,361 menu           INFO  (995.421875, 883.31640625)
2021-11-17 04:55:58,331 menu           INFO  (686.34765625, 271.30859375)
2021-11-17 04:56:16,513 menu           INFO  (1140.7890625, 886.8359375)
2021-11-17 05:00:35,777 menu           INFO  (567.4375, 662.3671875)
2021-11-17 05:04:51,633 menu           INFO  (769.1015625, 632.57421875)
2021-11-17 05:07:03,195 menu           INFO  (1021.50390625, 899.98046875)
2021-11-17 05:07:03,619 menu          DEBUG  Current menu state: NOT_VISIBLE
2021-11-17 05:07:04,620 menu           INFO  (1021.50390625, 899.98046875)
2021-11-17 05:07:04,928 menu          DEBUG  Current menu state: NOT_VISIBLE
2021-11-17 05:07:05,930 menu           INFO  (572.3125, 200.8203125)
2021-11-17 05:07:06,255 menu          DEBUG  Current menu state: NOT_VISIBLE
2021-11-17 05:07:07,256 menu           INFO  (1146.9375, 899.98046875)
2021-11-17 05:07:07,586 menu          DEBUG  Current menu state: NOT_VISIBLE
2021-11-17 05:07:08,587 menu           INFO  (1148.92578125, 896.984375)
2021-11-17 05:07:08,857 menu          DEBUG  Current menu state: NOT_VISIBLE
2021-11-17 05:07:09,858 menu           INFO  (821.3203125, 134.02734375)
2021-11-17 05:07:10,157 menu          DEBUG  Current menu state: NOT_VISIBLE
2021-11-17 05:07:11,158 menu           INFO  (752.8359375, 244.1953125)
2021-11-17 05:07:11,452 menu          DEBUG  Current menu state: NOT_VISIBLE
2021-11-17 05:07:12,453 menu           INFO  (750.50390625, 244.21875)
2021-11-17 05:07:12,753 menu          DEBUG  Current menu state: NOT_VISIBLE
2021-11-17 05:07:13,754 menu           INFO  (750.50390625, 244.21875)
2021-11-17 05:07:14,057 menu          DEBUG  Current menu state: NOT_VISIBLE
2021-11-17 05:07:15,059 menu           INFO  (750.50390625, 244.21875)
2021-11-17 05:07:15,472 menu          DEBUG  Current menu state: HOME
2021-11-17 05:07:16,473 menu           INFO  (640.39453125, 35.015625)
2021-11-17 05:07:16,888 menu          DEBUG  Current menu state: HOME
2021-11-17 05:07:17,890 menu           INFO  (561.8671875, 25.87109375)
2021-11-17 05:07:18,301 menu          DEBUG  Current menu state: HOME
2021-11-17 05:07:19,302 menu           INFO  (153.1796875, 37.83984375)
2021-11-17 05:07:19,696 menu          DEBUG  Current menu state: HOME
2021-11-17 05:07:20,698 menu           INFO  (221.1328125, 41.3125)
2021-11-17 05:07:21,094 menu          DEBUG  Current menu state: MODE_SELECT
2021-11-17 05:07:22,095 menu           INFO  (389.84765625, 49.359375)
2021-11-17 05:07:22,491 menu          DEBUG  Current menu state: MODE_SELECT
2021-11-17 05:07:23,493 menu           INFO  (289.90234375, 292.45703125)
2021-11-17 05:07:23,903 menu          DEBUG  Current menu state: MODE_SELECT
2021-11-17 05:07:24,904 menu           INFO  (488.17578125, 185.05078125)
2021-11-17 05:07:25,307 menu          DEBUG  Current menu state: MODE_SELECT
2021-11-17 05:07:26,308 menu           INFO  (195.07421875, 571.6328125)
2021-11-17 05:07:26,724 menu          DEBUG  Current menu state: MODE_SELECT
2021-11-17 05:07:27,725 menu           INFO  (194.83203125, 571.6328125)
2021-11-17 05:07:28,160 menu          DEBUG  Current menu state: MODE_SELECT
2021-11-17 05:07:29,161 menu           INFO  (512.90234375, 230.578125)
2021-11-17 05:07:29,568 menu          DEBUG  Current menu state: MODE_SELECT
2021-11-17 05:07:30,569 menu           INFO  (174.1328125, 87.25390625)
2021-11-17 05:07:30,975 menu          DEBUG  Current menu state: MODE_SELECT
2021-11-17 05:07:31,976 menu           INFO  (298.60546875, 92.078125)
2021-11-17 05:07:32,388 menu          DEBUG  Current menu state: HOME
2021-11-17 05:07:33,389 menu           INFO  (425.625, 182.69140625)
2021-11-17 05:07:33,800 menu          DEBUG  Current menu state: MODE_SELECT
2021-11-17 05:07:34,802 menu           INFO  (377.8203125, 107.69140625)
2021-11-17 05:07:35,229 menu          DEBUG  Current menu state: MODE_SELECT
2021-11-17 05:07:36,231 menu           INFO  (157.765625, 98.1796875)
2021-11-17 05:07:36,651 menu          DEBUG  Current menu state: MODE_SELECT
2021-11-17 05:07:37,652 menu           INFO  (1181.5703125, 21.79296875)
2021-11-17 05:07:38,068 menu          DEBUG  Current menu state: MODE_SELECT
2021-11-17 05:07:39,069 menu           INFO  (1222.08203125, 3.27734375)
2021-11-17 05:07:39,478 menu          DEBUG  Current menu state: MODE_SELECT
2021-11-17 05:07:40,479 menu           INFO  (546.59765625, 529.53515625)
2021-11-17 05:07:40,889 menu          DEBUG  Current menu state: MODE_SELECT
2021-11-17 05:07:41,890 menu           INFO  (644.69140625, 382.31640625)
2021-11-17 05:07:42,187 menu          DEBUG  Current menu state: NOT_VISIBLE
2021-11-17 05:07:43,189 menu           INFO  (706.5, -158.828125)
2021-11-17 05:07:43,484 menu          DEBUG  Current menu state: NOT_VISIBLE
2021-11-17 05:07:44,486 menu           INFO  (859.10546875, 582.6328125)
2021-11-17 05:07:44,803 menu          DEBUG  Current menu state: NOT_VISIBLE
2021-11-17 05:07:45,804 menu           INFO  (985.44140625, 581.30859375)
2021-11-17 05:07:46,117 menu          DEBUG  Current menu state: NOT_VISIBLE
2021-11-17 05:07:47,118 menu           INFO  (1082.88671875, -103.1171875)
2021-11-17 05:07:47,432 menu          DEBUG  Current menu state: NOT_VISIBLE
2021-11-17 05:07:48,433 menu           INFO  (633.21875, 297.40625)
2021-11-17 05:07:48,740 menu          DEBUG  Current menu state: NOT_VISIBLE
2021-11-17 05:07:49,742 menu           INFO  (680.40234375, -131.31640625)
2021-11-17 05:07:50,053 menu          DEBUG  Current menu state: NOT_VISIBLE
2021-11-17 05:07:51,055 menu           INFO  (652.265625, -16.18359375)
2021-11-17 05:07:51,370 menu          DEBUG  Current menu state: NOT_VISIBLE
2021-11-17 05:07:52,371 menu           INFO  (539.78515625, -26.21484375)
2021-11-17 05:07:52,641 menu          DEBUG  Current menu state: NOT_VISIBLE
2021-11-17 05:07:53,642 menu           INFO  (471.92578125, 254.28515625)
2021-11-17 05:07:53,952 menu          DEBUG  Current menu state: NOT_VISIBLE
2021-11-17 05:07:54,953 menu           INFO  (514.4609375, 238.78515625)
2021-11-17 05:07:55,233 menu          DEBUG  Current menu state: NOT_VISIBLE
2021-11-17 05:07:56,234 menu           INFO  (768.4921875, 615.55859375)
2021-11-17 05:07:56,515 menu          DEBUG  Current menu state: NOT_VISIBLE
2021-11-17 05:07:57,517 menu           INFO  (990.70703125, -220.30859375)
2021-11-17 05:07:57,812 menu          DEBUG  Current menu state: NOT_VISIBLE
2021-11-17 05:08:00,757 menu           INFO  (1135.640625, 850.9453125)
2021-11-17 05:08:01,255 menu          DEBUG  Current menu state: OTHER
2021-11-17 05:08:02,256 menu           INFO  (648.02734375, 186.2109375)
2021-11-17 05:08:02,697 menu          DEBUG  Current menu state: OTHER
2021-11-17 05:08:03,699 menu           INFO  (335.65234375, 63.46484375)
2021-11-17 05:08:04,142 menu          DEBUG  Current menu state: OTHER
2021-11-17 05:08:05,143 menu           INFO  (686.4375, -24.10546875)
2021-11-17 05:08:05,560 menu          DEBUG  Current menu state: OTHER
2021-11-17 05:08:06,561 menu           INFO  (528.30078125, -294.04296875)
2021-11-17 05:08:06,887 menu          DEBUG  Current menu state: NOT_VISIBLE
2021-11-17 05:08:07,888 menu           INFO  (286.51171875, 300.75)
2021-11-17 05:08:08,212 menu          DEBUG  Current menu state: NOT_VISIBLE
2021-11-17 05:08:09,213 menu           INFO  (638.16796875, 381.32421875)
2021-11-17 05:08:09,529 menu          DEBUG  Current menu state: NOT_VISIBLE
2021-11-17 05:08:10,531 menu           INFO  (664.42578125, -299.390625)
2021-11-17 05:08:10,845 menu          DEBUG  Current menu state: NOT_VISIBLE
2021-11-17 05:08:11,846 menu           INFO  (431.73828125, 173.53515625)
2021-11-17 05:08:12,267 menu          DEBUG  Current menu state: OTHER
2021-11-17 05:08:13,268 menu           INFO  (325.80859375, 574.29296875)
2021-11-17 05:08:13,692 menu          DEBUG  Current menu state: OTHER
2021-11-17 05:08:14,693 menu           INFO  (414.07421875, 471.98828125)
2021-11-17 05:08:15,111 menu          DEBUG  Current menu state: OTHER
2021-11-17 05:08:16,112 menu           INFO  (166.125, 78.265625)
2021-11-17 05:08:16,538 menu          DEBUG  Current menu state: OTHER
2021-11-17 05:08:17,539 menu           INFO  (144.73828125, 2.78125)
2021-11-17 05:08:17,950 menu          DEBUG  Current menu state: HOME
2021-11-17 05:08:18,951 menu           INFO  (130.05078125, -4.42578125)
2021-11-17 05:08:19,378 menu          DEBUG  Current menu state: HOME
2021-11-17 05:08:20,380 menu           INFO  (137.7578125, 17.10546875)
2021-11-17 05:08:20,810 menu          DEBUG  Current menu state: HOME
2021-11-17 05:08:21,811 menu           INFO  (135.45703125, 45.5859375)
2021-11-17 05:08:22,253 menu          DEBUG  Current menu state: HOME
2021-11-17 05:08:23,254 menu           INFO  (30.6171875, -5.859375)
2021-11-17 05:08:23,659 menu          DEBUG  Current menu state: OTHER
2021-11-17 05:08:24,660 menu           INFO  (30.6171875, -5.859375)
2021-11-17 05:08:25,084 menu          DEBUG  Current menu state: OTHER
2021-11-17 05:08:26,086 menu           INFO  (30.6171875, -5.859375)
2021-11-17 05:08:26,535 menu          DEBUG  Current menu state: OTHER
2021-11-17 05:08:27,536 menu           INFO  (581.734375, 559.6328125)
2021-11-17 05:08:27,967 menu          DEBUG  Current menu state: OTHER
2021-11-17 05:08:28,969 menu           INFO  (712.171875, 47.484375)
2021-11-17 05:08:29,399 menu          DEBUG  Current menu state: OTHER
2021-11-17 05:08:30,400 menu           INFO  (442.26953125, -15.6796875)
2021-11-17 05:08:30,834 menu          DEBUG  Current menu state: OTHER
2021-11-17 05:08:31,836 menu           INFO  (753.85546875, 695.55859375)
2021-11-17 05:08:32,255 menu          DEBUG  Current menu state: OTHER
2021-11-17 05:08:33,256 menu           INFO  (791.609375, 635.90234375)
2021-11-17 05:08:33,690 menu          DEBUG  Current menu state: OTHER
2021-11-17 05:08:34,691 menu           INFO  (724.34765625, 37.36328125)
2021-11-17 05:08:35,126 menu          DEBUG  Current menu state: OTHER
2021-11-17 05:08:36,128 menu           INFO  (730.08203125, 137.65234375)
2021-11-17 05:08:36,568 menu          DEBUG  Current menu state: OTHER
2021-11-17 05:08:37,569 menu           INFO  (727.88671875, 41.7890625)
2021-11-17 05:08:37,993 menu          DEBUG  Current menu state: OTHER
2021-11-17 05:08:38,994 menu           INFO  (449.43359375, 280.46875)
2021-11-17 05:08:39,424 menu          DEBUG  Current menu state: OTHER
2021-11-17 05:08:40,425 menu           INFO  (297.44140625, 131.19140625)
2021-11-17 05:08:40,848 menu          DEBUG  Current menu state: OTHER
2021-11-17 05:08:41,849 menu           INFO  (347.67578125, 497.3125)
2021-11-17 05:08:42,144 menu          DEBUG  Current menu state: NOT_VISIBLE
2021-11-17 05:08:43,146 menu           INFO  (272.4609375, 472.2421875)
2021-11-17 05:08:43,544 menu          DEBUG  Current menu state: OTHER
2021-11-17 05:08:44,546 menu           INFO  (272.4609375, 472.2421875)
2021-11-17 05:08:44,975 menu          DEBUG  Current menu state: OTHER
2021-11-17 05:08:45,977 menu           INFO  (274.0625, 495.49609375)
2021-11-17 05:08:46,410 menu          DEBUG  Current menu state: OTHER
2021-11-17 05:08:47,411 menu           INFO  (274.0625, 495.4921875)
2021-11-17 05:08:47,851 menu          DEBUG  Current menu state: OTHER
2021-11-17 05:08:48,853 menu           INFO  (447.7890625, 42.8203125)
2021-11-17 05:08:49,287 menu          DEBUG  Current menu state: OTHER
2021-11-17 05:08:50,288 menu           INFO  (371.53125, 40.8359375)
2021-11-17 05:08:50,719 menu          DEBUG  Current menu state: OTHER
2021-11-17 05:08:51,720 menu           INFO  (108.90234375, 4.93359375)
2021-11-17 05:08:52,131 menu          DEBUG  Current menu state: OTHER
2021-11-17 05:08:53,132 menu           INFO  (-3.2421875, -10.5)
2021-11-17 05:08:53,549 menu          DEBUG  Current menu state: OTHER
2021-11-17 05:08:54,551 menu           INFO  (404.37109375, -55.58203125)
2021-11-17 05:08:54,967 menu          DEBUG  Current menu state: OTHER
2021-11-17 05:08:55,968 menu           INFO  (330.15234375, 493.30078125)
2021-11-17 05:08:56,397 menu          DEBUG  Current menu state: OTHER
2021-11-17 05:08:57,399 menu           INFO  (336.76953125, 554.140625)
2021-11-17 05:08:57,800 menu          DEBUG  Current menu state: OTHER
2021-11-17 05:08:58,802 menu           INFO  (337.0, 553.90625)
2021-11-17 05:08:59,218 menu          DEBUG  Current menu state: OTHER
2021-11-17 05:09:00,220 menu           INFO  (257.4609375, 505.19140625)
2021-11-17 05:09:00,652 menu          DEBUG  Current menu state: OTHER
2021-11-17 05:09:01,654 menu           INFO  (266.80078125, 504.1953125)
2021-11-17 05:09:02,075 menu          DEBUG  Current menu state: OTHER
2021-11-17 05:09:03,076 menu           INFO  (266.80078125, 504.1953125)
2021-11-17 05:09:03,471 menu          DEBUG  Current menu state: OTHER
2021-11-17 05:09:04,473 menu           INFO  (260.828125, 257.12890625)
2021-11-17 05:09:04,894 menu          DEBUG  Current menu state: OTHER
2021-11-17 05:09:05,896 menu           INFO  (205.5546875, -30.296875)
2021-11-17 05:09:06,291 menu          DEBUG  Current menu state: OTHER
2021-11-17 05:09:07,292 menu           INFO  (205.5546875, -30.296875)
2021-11-17 05:09:07,708 menu          DEBUG  Current menu state: OTHER
2021-11-17 05:09:08,709 menu           INFO  (334.3125, -77.171875)
2021-11-17 05:09:09,109 menu          DEBUG  Current menu state: OTHER
2021-11-17 05:09:10,110 menu           INFO  (353.0546875, -76.5625)
2021-11-17 05:09:10,515 menu          DEBUG  Current menu state: OTHER
2021-11-17 05:09:11,516 menu           INFO  (352.8203125, -76.80078125)
2021-11-17 05:09:11,907 menu          DEBUG  Current menu state: OTHER
2021-11-17 05:09:12,908 menu           INFO  (290.390625, 104.0)
2021-11-17 05:09:13,194 menu          DEBUG  Current menu state: NOT_VISIBLE
2021-11-17 05:09:14,195 menu           INFO  (290.390625, 104.0)
2021-11-17 05:09:14,478 menu          DEBUG  Current menu state: NOT_VISIBLE
2021-11-17 05:09:15,479 menu           INFO  (290.390625, 104.0)
2021-11-17 05:09:15,790 menu          DEBUG  Current menu state: NOT_VISIBLE
2021-11-17 05:09:16,790 menu           INFO  (290.390625, 104.0)
2021-11-17 05:09:17,113 menu          DEBUG  Current menu state: NOT_VISIBLE
2021-11-17 05:09:18,114 menu           INFO  (290.390625, 104.0)
2021-11-17 05:09:18,421 menu          DEBUG  Current menu state: NOT_VISIBLE
2021-11-17 05:09:19,422 menu           INFO  (290.390625, 104.0)
2021-11-17 05:09:19,701 menu          DEBUG  Current menu state: NOT_VISIBLE
2021-11-17 05:09:20,702 menu           INFO  (283.81640625, 189.3671875)
2021-11-17 05:09:20,988 menu          DEBUG  Current menu state: NOT_VISIBLE
2021-11-17 05:09:21,989 menu           INFO  (252.6015625, 247.75390625)
2021-11-17 05:09:22,282 menu          DEBUG  Current menu state: NOT_VISIBLE
2021-11-17 05:09:23,283 menu           INFO  (252.6015625, 247.75390625)
2021-11-17 05:09:23,596 menu          DEBUG  Current menu state: NOT_VISIBLE
2021-11-17 05:09:24,597 menu           INFO  (234.38671875, 124.8125)
2021-11-17 05:09:24,906 menu          DEBUG  Current menu state: NOT_VISIBLE
2021-11-17 05:09:25,907 menu           INFO  (190.92578125, 32.61328125)
2021-11-17 05:09:26,211 menu          DEBUG  Current menu state: NOT_VISIBLE
2021-11-17 05:09:27,212 menu           INFO  (190.92578125, 32.61328125)
2021-11-17 05:09:27,508 menu          DEBUG  Current menu state: NOT_VISIBLE
2021-11-17 05:09:28,510 menu           INFO  (178.7109375, -21.92578125)
2021-11-17 05:09:28,797 menu          DEBUG  Current menu state: NOT_VISIBLE
2021-11-17 05:09:29,798 menu           INFO  (172.61328125, -21.92578125)
2021-11-17 05:09:30,087 menu          DEBUG  Current menu state: NOT_VISIBLE
2021-11-17 05:09:31,088 menu           INFO  (772.5078125, -174.80859375)
2021-11-17 05:09:34,738 menu           INFO  (893.78515625, 458.21875)
2021-11-17 05:09:35,232 menu          DEBUG  Current menu state: NOT_VISIBLE
2021-11-17 05:09:36,234 menu           INFO  (893.78515625, 458.21875)
2021-11-17 05:09:37,056 menu          DEBUG  Current menu state: OTHER
2021-11-17 05:09:38,057 menu           INFO  (2024.96875, 390.046875)
2021-11-17 05:09:38,848 menu          DEBUG  Current menu state: OTHER
2021-11-17 05:09:39,850 menu           INFO  (2093.6015625, 633.1015625)
2021-11-17 05:09:40,237 menu          DEBUG  Current menu state: NOT_VISIBLE
2021-11-17 05:09:41,238 menu           INFO  (2046.7578125, 420.015625)
2021-11-17 05:09:41,632 menu          DEBUG  Current menu state: NOT_VISIBLE
2021-11-17 05:09:42,633 menu           INFO  (1834.51953125, 407.03125)
2021-11-17 05:09:42,999 menu          DEBUG  Current menu state: NOT_VISIBLE
2021-11-17 05:09:44,000 menu           INFO  (1788.03515625, 406.44140625)
2021-11-17 05:09:44,366 menu          DEBUG  Current menu state: NOT_VISIBLE
2021-11-17 05:09:45,368 menu           INFO  (1948.0703125, 410.8515625)
2021-11-17 05:09:45,751 menu          DEBUG  Current menu state: NOT_VISIBLE
2021-11-17 05:09:46,753 menu           INFO  (1969.93359375, 360.05859375)
2021-11-17 05:09:47,128 menu          DEBUG  Current menu state: NOT_VISIBLE
2021-11-17 05:09:48,130 menu           INFO  (1964.62109375, 400.328125)
2021-11-17 05:09:48,515 menu          DEBUG  Current menu state: NOT_VISIBLE
2021-11-17 05:09:49,516 menu           INFO  (1965.54296875, 399.8515625)
2021-11-17 05:09:49,887 menu          DEBUG  Current menu state: NOT_VISIBLE
2021-11-17 05:09:50,889 menu           INFO  (1971.3046875, 360.04296875)
2021-11-17 05:09:51,274 menu          DEBUG  Current menu state: NOT_VISIBLE
2021-11-17 05:09:52,275 menu           INFO  (1971.3046875, 360.04296875)
2021-11-17 05:09:52,655 menu          DEBUG  Current menu state: NOT_VISIBLE
2021-11-17 05:09:53,656 menu           INFO  (1971.3046875, 360.04296875)
2021-11-17 05:09:54,047 menu          DEBUG  Current menu state: NOT_VISIBLE
2021-11-17 05:09:55,048 menu           INFO  (2030.1796875, 805.0625)
2021-11-17 05:09:55,441 menu          DEBUG  Current menu state: NOT_VISIBLE
2021-11-17 05:09:56,442 menu           INFO  (2098.6015625, 778.94921875)
2021-11-17 05:09:56,810 menu          DEBUG  Current menu state: NOT_VISIBLE
2021-11-17 05:09:57,812 menu           INFO  (2274.12109375, 805.31640625)
2021-11-17 05:09:58,183 menu          DEBUG  Current menu state: NOT_VISIBLE
2021-11-17 05:09:59,184 menu           INFO  (1986.09765625, 484.9765625)
2021-11-17 05:10:00,024 menu          DEBUG  Current menu state: OTHER
2021-11-17 05:10:01,025 menu           INFO  (211.58203125, 63.00390625)
2021-11-17 05:10:01,839 menu          DEBUG  Current menu state: OTHER
2021-11-17 05:10:02,839 menu           INFO  (117.80859375, 100.95703125)
2021-11-17 05:10:03,659 menu          DEBUG  Current menu state: OTHER
2021-11-17 05:10:04,660 menu           INFO  (202.2109375, 99.92578125)
2021-11-17 05:10:05,506 menu          DEBUG  Current menu state: HOME
2021-11-17 05:10:06,508 menu           INFO  (-4.34375, -6.03125)
2021-11-17 05:10:07,312 menu          DEBUG  Current menu state: OTHER
2021-11-17 05:10:08,313 menu           INFO  (22.00390625, 250.19140625)
2021-11-17 05:10:09,141 menu          DEBUG  Current menu state: OTHER
2021-11-17 05:10:10,143 menu           INFO  (238.546875, 131.46484375)
2021-11-17 05:10:10,957 menu          DEBUG  Current menu state: OTHER
2021-11-17 05:10:11,959 menu           INFO  (315.6328125, 488.84375)
2021-11-17 05:10:12,785 menu          DEBUG  Current menu state: OTHER
2021-11-17 05:10:13,787 menu           INFO  (315.6328125, 488.84375)
2021-11-17 05:10:14,609 menu          DEBUG  Current menu state: OTHER
2021-11-17 05:10:15,610 menu           INFO  (72.98046875, 7.578125)
2021-11-17 05:10:16,433 menu          DEBUG  Current menu state: OTHER
2021-11-17 05:10:17,435 menu           INFO  (51.1484375, -17.125)
2021-11-17 05:10:18,262 menu          DEBUG  Current menu state: HOME
2021-11-17 05:10:19,263 menu           INFO  (279.26171875, 504.140625)
2021-11-17 05:10:20,067 menu          DEBUG  Current menu state: OTHER
2021-11-17 05:10:21,069 menu           INFO  (121.50390625, 21.78125)
2021-11-17 05:10:21,890 menu          DEBUG  Current menu state: HOME
2021-11-17 05:10:22,891 menu           INFO  (132.8125, 38.3203125)
2021-11-17 05:10:23,693 menu          DEBUG  Current menu state: OTHER
2021-11-17 05:10:24,695 menu           INFO  (224.40234375, 24.0078125)
2021-11-17 05:10:25,519 menu          DEBUG  Current menu state: OTHER
2021-11-17 05:10:26,521 menu           INFO  (234.4140625, 379.78515625)
2021-11-17 05:10:27,337 menu          DEBUG  Current menu state: OTHER
2021-11-17 05:10:28,338 menu           INFO  (258.51953125, 44.25390625)
2021-11-17 05:10:29,153 menu          DEBUG  Current menu state: OTHER
2021-11-17 05:10:30,155 menu           INFO  (305.6171875, 424.78125)
2021-11-17 05:10:30,979 menu          DEBUG  Current menu state: OTHER
2021-11-17 05:10:31,980 menu           INFO  (358.05859375, 254.36328125)
2021-11-17 05:10:32,797 menu          DEBUG  Current menu state: OTHER
2021-11-17 05:10:33,799 menu           INFO  (375.68359375, 508.91015625)
2021-11-17 05:10:34,592 menu          DEBUG  Current menu state: OTHER
2021-11-17 05:10:35,593 menu           INFO  (362.8671875, 492.390625)
2021-11-17 05:10:36,414 menu          DEBUG  Current menu state: CHAMP_SELECT
2021-11-17 05:10:37,416 menu           INFO  (787.38671875, 531.1640625)
2021-11-17 05:10:38,249 menu          DEBUG  Current menu state: CHAMP_SELECT
2021-11-17 05:10:39,251 menu           INFO  (777.54296875, 502.75)
2021-11-17 05:10:40,057 menu          DEBUG  Current menu state: CHAMP_SELECT
2021-11-17 05:10:41,058 menu           INFO  (779.2734375, 500.57421875)
2021-11-17 05:10:41,884 menu          DEBUG  Current menu state: HOME
2021-11-17 05:10:42,885 menu           INFO  (222.234375, -134.55078125)
2021-11-17 05:10:43,712 menu          DEBUG  Current menu state: HOME
2021-11-17 05:10:44,714 menu           INFO  (646.359375, -235.671875)
2021-11-17 05:10:45,132 menu          DEBUG  Current menu state: NOT_VISIBLE
2021-11-17 05:10:46,133 menu           INFO  (568.34375, 285.9453125)
2021-11-17 05:10:46,510 menu          DEBUG  Current menu state: NOT_VISIBLE
2021-11-17 05:10:47,511 menu           INFO  (568.02734375, 291.5)
2021-11-17 05:10:47,910 menu          DEBUG  Current menu state: NOT_VISIBLE
2021-11-17 05:10:48,911 menu           INFO  (786.59375, -165.42578125)
2021-11-17 05:10:52,398 menu           INFO  (816.76171875, 195.6484375)
2021-11-17 05:10:53,550 menu          DEBUG  Current menu state: HOME
2021-11-17 05:10:54,552 menu           INFO  (-35.828125, -173.171875)
2021-11-17 05:10:55,374 menu          DEBUG  Current menu state: OTHER
2021-11-17 05:10:56,376 menu           INFO  (225.17578125, 624.109375)
2021-11-17 05:10:57,195 menu          DEBUG  Current menu state: OTHER
2021-11-17 05:10:58,197 menu           INFO  (225.17578125, 622.859375)
2021-11-17 05:10:59,028 menu          DEBUG  Current menu state: OTHER
2021-11-17 05:11:00,029 menu           INFO  (225.17578125, 622.859375)
2021-11-17 05:11:00,852 menu          DEBUG  Current menu state: OTHER
2021-11-17 05:11:01,853 menu           INFO  (225.17578125, 622.859375)
2021-11-17 05:11:02,664 menu          DEBUG  Current menu state: OTHER
2021-11-17 05:11:03,665 menu           INFO  (225.17578125, 622.859375)
2021-11-17 05:11:04,502 menu          DEBUG  Current menu state: OTHER
2021-11-17 05:11:05,503 menu           INFO  (225.17578125, 622.859375)
2021-11-17 05:11:06,322 menu          DEBUG  Current menu state: OTHER
2021-11-17 05:11:07,323 menu           INFO  (225.17578125, 622.859375)
2021-11-17 05:11:08,158 menu          DEBUG  Current menu state: OTHER
2021-11-17 05:11:09,160 menu           INFO  (225.17578125, 622.859375)
2021-11-17 05:11:09,991 menu          DEBUG  Current menu state: OTHER
2021-11-17 05:11:10,992 menu           INFO  (984.08984375, 281.1875)
2021-11-17 05:11:11,818 menu          DEBUG  Current menu state: OTHER
2021-11-17 05:11:12,819 menu           INFO  (259.5, 739.859375)
2021-11-17 05:11:13,637 menu          DEBUG  Current menu state: OTHER
2021-11-17 05:11:14,638 menu           INFO  (438.25, 722.359375)
2021-11-17 05:11:15,464 menu          DEBUG  Current menu state: OTHER
2021-11-17 05:11:16,465 menu           INFO  (438.25, 722.359375)
2021-11-17 05:11:17,273 menu          DEBUG  Current menu state: OTHER
2021-11-17 05:11:18,275 menu           INFO  (438.25, 722.359375)
2021-11-17 05:11:19,110 menu          DEBUG  Current menu state: OTHER
2021-11-17 05:11:20,111 menu           INFO  (547.0, 715.80859375)
2021-11-17 05:11:20,936 menu          DEBUG  Current menu state: OTHER
2021-11-17 05:11:21,937 menu           INFO  (547.0, 715.80859375)
2021-11-17 05:11:22,771 menu          DEBUG  Current menu state: OTHER
2021-11-17 05:11:23,773 menu           INFO  (547.0, 715.80859375)
2021-11-17 05:11:24,602 menu          DEBUG  Current menu state: OTHER
2021-11-17 05:11:25,604 menu           INFO  (547.0, 715.80859375)
2021-11-17 05:11:26,431 menu          DEBUG  Current menu state: OTHER
2021-11-17 05:11:27,432 menu           INFO  (547.0, 715.80859375)
2021-11-17 05:11:28,247 menu          DEBUG  Current menu state: OTHER
2021-11-17 05:11:29,248 menu           INFO  (547.0, 715.80859375)
2021-11-17 05:11:30,078 menu          DEBUG  Current menu state: OTHER
2021-11-17 05:11:31,079 menu           INFO  (547.0, 715.80859375)
2021-11-17 05:11:31,915 menu          DEBUG  Current menu state: OTHER
2021-11-17 05:11:32,916 menu           INFO  (547.0, 715.80859375)
2021-11-17 05:11:33,734 menu          DEBUG  Current menu state: OTHER
2021-11-17 05:11:34,735 menu           INFO  (547.0, 715.80859375)
2021-11-17 05:11:35,554 menu          DEBUG  Current menu state: OTHER
2021-11-17 05:11:36,554 menu           INFO  (547.0, 715.80859375)
2021-11-17 05:11:37,384 menu          DEBUG  Current menu state: OTHER
2021-11-17 05:11:38,386 menu           INFO  (547.0, 715.80859375)
2021-11-17 05:11:39,212 menu          DEBUG  Current menu state: OTHER
2021-11-17 05:11:40,213 menu           INFO  (547.0, 715.80859375)
2021-11-17 05:11:41,034 menu          DEBUG  Current menu state: OTHER
2021-11-17 05:11:42,035 menu           INFO  (547.0, 715.80859375)
2021-11-17 05:11:42,883 menu          DEBUG  Current menu state: OTHER
2021-11-17 05:11:43,884 menu           INFO  (547.0, 715.80859375)
2021-11-17 05:11:44,715 menu          DEBUG  Current menu state: OTHER
2021-11-17 05:11:45,716 menu           INFO  (547.0, 715.80859375)
2021-11-17 05:11:46,541 menu          DEBUG  Current menu state: OTHER
2021-11-17 05:11:47,542 menu           INFO  (511.50390625, 698.1875)
2021-11-17 05:11:48,380 menu          DEBUG  Current menu state: OTHER
2021-11-17 05:11:49,381 menu           INFO  (85.8671875, -12.66015625)
2021-11-17 05:11:50,195 menu          DEBUG  Current menu state: HOME
2021-11-17 05:11:51,196 menu           INFO  (239.54296875, 181.0859375)
2021-11-17 05:11:52,014 menu          DEBUG  Current menu state: OTHER
2021-11-17 05:11:53,014 menu           INFO  (324.44140625, 526.140625)
2021-11-17 05:11:53,855 menu          DEBUG  Current menu state: OTHER
2021-11-17 05:11:54,856 menu           INFO  (363.13671875, 96.41015625)
2021-11-17 05:11:55,674 menu          DEBUG  Current menu state: OTHER
2021-11-17 05:11:56,675 menu           INFO  (320.69140625, 69.30859375)
2021-11-17 05:11:57,467 menu          DEBUG  Current menu state: OTHER
2021-11-17 05:11:58,468 menu           INFO  (25.7734375, 69.609375)
2021-11-17 05:11:59,287 menu          DEBUG  Current menu state: OTHER
2021-11-17 05:12:00,288 menu           INFO  (97.0390625, 16.4453125)
2021-11-17 05:12:01,113 menu          DEBUG  Current menu state: HOME
2021-11-17 05:12:02,115 menu           INFO  (90.35546875, 62.47265625)
2021-11-17 05:12:02,943 menu          DEBUG  Current menu state: OTHER
2021-11-17 05:12:03,944 menu           INFO  (245.13671875, 593.5625)
2021-11-17 05:12:04,781 menu          DEBUG  Current menu state: OTHER
2021-11-17 05:12:05,782 menu           INFO  (253.578125, 704.8671875)
2021-11-17 05:12:06,621 menu          DEBUG  Current menu state: OTHER
2021-11-17 05:12:07,622 menu           INFO  (323.234375, 532.65234375)
2021-11-17 05:12:08,443 menu          DEBUG  Current menu state: HOME
2021-11-17 05:12:09,445 menu           INFO  (478.84375, 471.546875)
2021-11-17 05:12:10,261 menu          DEBUG  Current menu state: OTHER
2021-11-17 05:12:11,262 menu           INFO  (758.484375, 76.5703125)
2021-11-17 05:12:12,094 menu          DEBUG  Current menu state: OTHER
2021-11-17 05:12:13,095 menu           INFO  (424.31640625, 208.01171875)
2021-11-17 05:12:13,913 menu          DEBUG  Current menu state: OTHER
2021-11-17 05:12:14,914 menu           INFO  (430.88671875, 348.6484375)
2021-11-17 05:12:15,740 menu          DEBUG  Current menu state: OTHER
2021-11-17 05:12:16,741 menu           INFO  (428.16015625, 629.5078125)
2021-11-17 05:12:17,554 menu          DEBUG  Current menu state: OTHER
2021-11-17 05:12:18,556 menu           INFO  (428.16015625, 629.5078125)
2021-11-17 05:12:19,370 menu          DEBUG  Current menu state: OTHER
2021-11-17 05:12:20,371 menu           INFO  (428.16015625, 629.5078125)
2021-11-17 05:12:21,188 menu          DEBUG  Current menu state: OTHER
2021-11-17 05:12:22,189 menu           INFO  (428.16015625, 629.5078125)
2021-11-17 05:12:23,025 menu          DEBUG  Current menu state: OTHER
2021-11-17 05:12:24,027 menu           INFO  (330.05078125, 530.625)
2021-11-17 05:12:24,842 menu          DEBUG  Current menu state: HOME
2021-11-17 05:12:25,843 menu           INFO  (367.4140625, 674.51953125)
2021-11-17 05:12:26,676 menu          DEBUG  Current menu state: HOME
2021-11-17 05:12:27,677 menu           INFO  (276.54296875, 480.63671875)
2021-11-17 05:12:28,496 menu          DEBUG  Current menu state: HOME
2021-11-17 05:12:29,498 menu           INFO  (262.23828125, 30.58203125)
2021-11-17 05:12:30,348 menu          DEBUG  Current menu state: OTHER
2021-11-17 05:12:31,349 menu           INFO  (340.46484375, 595.59765625)
2021-11-17 05:12:32,198 menu          DEBUG  Current menu state: OTHER
2021-11-17 05:12:33,200 menu           INFO  (340.46484375, 595.59765625)
2021-11-17 05:12:34,031 menu          DEBUG  Current menu state: OTHER
2021-11-17 05:12:35,032 menu           INFO  (963.9609375, 21.62890625)
2021-11-17 05:12:35,851 menu          DEBUG  Current menu state: OTHER
2021-11-17 05:12:36,852 menu           INFO  (952.01953125, -3.765625)
2021-11-17 05:12:37,698 menu          DEBUG  Current menu state: OTHER
2021-11-17 05:12:38,700 menu           INFO  (646.75, 238.125)
2021-11-17 05:12:39,537 menu          DEBUG  Current menu state: OTHER
2021-11-17 05:12:40,538 menu           INFO  (646.75, 238.125)
2021-11-17 05:12:41,382 menu          DEBUG  Current menu state: OTHER
2021-11-17 05:12:42,383 menu           INFO  (494.26953125, 491.6875)
2021-11-17 05:12:43,218 menu          DEBUG  Current menu state: OTHER
2021-11-17 05:12:44,219 menu           INFO  (582.0703125, 104.01171875)
2021-11-17 05:12:44,613 menu          DEBUG  Current menu state: NOT_VISIBLE
2021-11-17 05:12:45,614 menu           INFO  (546.015625, 256.52734375)
2021-11-17 05:12:45,991 menu          DEBUG  Current menu state: NOT_VISIBLE
2021-11-17 05:12:46,992 menu           INFO  (546.015625, 256.52734375)
2021-11-17 05:12:47,364 menu          DEBUG  Current menu state: NOT_VISIBLE
2021-11-17 05:12:48,365 menu           INFO  (546.015625, 256.52734375)
2021-11-17 05:12:48,752 menu          DEBUG  Current menu state: NOT_VISIBLE
2021-11-17 05:12:49,753 menu           INFO  (686.87109375, 303.12109375)
2021-11-17 05:12:50,161 menu          DEBUG  Current menu state: NOT_VISIBLE
2021-11-17 05:12:51,163 menu           INFO  (590.6015625, 222.04296875)
2021-11-17 05:12:51,547 menu          DEBUG  Current menu state: NOT_VISIBLE
2021-11-17 05:12:52,548 menu           INFO  (477.2421875, 37.15625)
2021-11-17 05:12:52,913 menu          DEBUG  Current menu state: NOT_VISIBLE
2021-11-17 05:12:53,914 menu           INFO  (493.796875, 308.171875)
2021-11-17 05:12:54,313 menu          DEBUG  Current menu state: NOT_VISIBLE
2021-11-17 05:12:55,315 menu           INFO  (493.796875, 308.171875)
2021-11-17 05:12:55,715 menu          DEBUG  Current menu state: NOT_VISIBLE
2021-11-17 05:12:56,716 menu           INFO  (823.07421875, 235.44140625)
2021-11-17 05:12:57,122 menu          DEBUG  Current menu state: NOT_VISIBLE
2021-11-17 05:12:58,123 menu           INFO  (823.07421875, 237.03515625)
2021-11-17 05:12:58,548 menu          DEBUG  Current menu state: NOT_VISIBLE
2021-11-17 05:12:59,550 menu           INFO  (881.16796875, 252.71875)
2021-11-17 05:12:59,938 menu          DEBUG  Current menu state: NOT_VISIBLE
2021-11-17 05:13:00,939 menu           INFO  (944.578125, 288.44921875)
2021-11-17 05:13:01,317 menu          DEBUG  Current menu state: NOT_VISIBLE
2021-11-17 05:13:02,318 menu           INFO  (925.1953125, 332.05078125)
2021-11-17 05:13:02,688 menu          DEBUG  Current menu state: NOT_VISIBLE
2021-11-17 05:13:03,689 menu           INFO  (1030.29296875, 344.05078125)
2021-11-17 05:13:04,082 menu          DEBUG  Current menu state: NOT_VISIBLE
2021-11-17 05:13:05,083 menu           INFO  (1034.38671875, 360.03125)
2021-11-17 05:13:05,456 menu          DEBUG  Current menu state: NOT_VISIBLE
2021-11-17 05:13:06,457 menu           INFO  (917.55859375, 342.20703125)
2021-11-17 05:13:06,822 menu          DEBUG  Current menu state: NOT_VISIBLE
2021-11-17 05:13:07,823 menu           INFO  (917.55859375, 342.20703125)
2021-11-17 05:13:08,203 menu          DEBUG  Current menu state: NOT_VISIBLE
2021-11-17 05:13:09,204 menu           INFO  (917.55859375, 342.20703125)
2021-11-17 05:13:09,608 menu          DEBUG  Current menu state: NOT_VISIBLE
2021-11-17 05:13:10,610 menu           INFO  (917.55859375, 342.20703125)
2021-11-17 05:13:11,001 menu          DEBUG  Current menu state: NOT_VISIBLE
2021-11-17 05:13:12,003 menu           INFO  (895.640625, 316.6640625)
2021-11-17 05:13:12,370 menu          DEBUG  Current menu state: NOT_VISIBLE
2021-11-17 05:13:13,371 menu           INFO  (785.5625, 321.140625)
2021-11-17 05:13:13,756 menu          DEBUG  Current menu state: NOT_VISIBLE
2021-11-17 05:13:14,757 menu           INFO  (909.890625, 305.1953125)
2021-11-17 05:13:15,149 menu          DEBUG  Current menu state: NOT_VISIBLE
2021-11-17 05:13:16,150 menu           INFO  (825.56640625, 306.19921875)
2021-11-17 05:13:16,526 menu          DEBUG  Current menu state: NOT_VISIBLE
2021-11-17 05:13:17,528 menu           INFO  (908.12890625, 407.38671875)
2021-11-17 05:13:17,884 menu          DEBUG  Current menu state: NOT_VISIBLE
2021-11-17 05:13:18,885 menu           INFO  (805.25, 382.5625)
2021-11-17 05:13:19,275 menu          DEBUG  Current menu state: NOT_VISIBLE
2021-11-17 05:13:20,277 menu           INFO  (1026.49609375, 10.2265625)
2021-11-17 05:13:23,520 menu           INFO  (989.78515625, 377.18359375)
2021-11-17 05:13:24,014 menu          DEBUG  Current menu state: NOT_VISIBLE
2021-11-17 05:13:25,016 menu           INFO  (786.1328125, 779.421875)
2021-11-17 05:13:25,443 menu          DEBUG  Current menu state: NOT_VISIBLE
2021-11-17 05:13:26,444 menu           INFO  (858.2734375, 785.72265625)
2021-11-17 05:13:26,854 menu          DEBUG  Current menu state: NOT_VISIBLE
2021-11-17 05:13:27,855 menu           INFO  (911.109375, 899.98046875)
2021-11-17 05:13:28,272 menu          DEBUG  Current menu state: NOT_VISIBLE
2021-11-17 05:13:29,273 menu           INFO  (1161.671875, 872.5390625)
2021-11-17 05:13:29,696 menu          DEBUG  Current menu state: NOT_VISIBLE
2021-11-17 05:13:30,697 menu           INFO  (1041.7109375, 394.76171875)
2021-11-17 05:13:31,534 menu          DEBUG  Current menu state: OTHER
2021-11-17 05:13:32,535 menu           INFO  (319.859375, 149.453125)
2021-11-17 05:13:33,369 menu          DEBUG  Current menu state: OTHER
2021-11-17 05:13:34,370 menu           INFO  (197.640625, 23.38671875)
2021-11-17 05:13:35,209 menu          DEBUG  Current menu state: HOME
2021-11-17 05:13:36,210 menu           INFO  (67.9765625, 8.12109375)
2021-11-17 05:13:37,024 menu          DEBUG  Current menu state: HOME
2021-11-17 05:13:38,026 menu           INFO  (293.984375, 217.10546875)
2021-11-17 05:13:38,845 menu          DEBUG  Current menu state: MODE_SELECT
2021-11-17 05:13:39,846 menu           INFO  (293.984375, 215.85546875)
2021-11-17 05:13:40,686 menu          DEBUG  Current menu state: MODE_SELECT
2021-11-17 05:13:41,688 menu           INFO  (316.59765625, 560.140625)
2021-11-17 05:13:42,520 menu          DEBUG  Current menu state: MODE_SELECT
2021-11-17 05:13:43,521 menu           INFO  (454.203125, -6.67578125)
2021-11-17 05:13:44,345 menu          DEBUG  Current menu state: MODE_SELECT
2021-11-17 05:13:45,346 menu           INFO  (350.6328125, 76.109375)
2021-11-17 05:13:46,163 menu          DEBUG  Current menu state: MODE_SELECT
2021-11-17 05:13:47,164 menu           INFO  (446.875, 16.7890625)
2021-11-17 05:13:47,993 menu          DEBUG  Current menu state: MODE_SELECT
2021-11-17 05:13:48,993 menu           INFO  (426.72265625, 258.05078125)
2021-11-17 05:13:49,819 menu          DEBUG  Current menu state: MODE_SELECT
2021-11-17 05:13:50,820 menu           INFO  (435.47265625, -51.94921875)
2021-11-17 05:13:51,653 menu          DEBUG  Current menu state: MODE_SELECT
2021-11-17 05:13:52,654 menu           INFO  (465.171875, -212.61328125)
2021-11-17 05:13:53,480 menu          DEBUG  Current menu state: MODE_SELECT
2021-11-17 05:13:54,482 menu           INFO  (469.16015625, 675.5625)
2021-11-17 05:13:54,899 menu          DEBUG  Current menu state: NOT_VISIBLE
2021-11-17 05:13:55,900 menu           INFO  (617.33203125, 768.05859375)
2021-11-17 05:13:56,299 menu          DEBUG  Current menu state: NOT_VISIBLE
2021-11-17 05:13:57,300 menu           INFO  (1053.953125, 728.69921875)
2021-11-17 05:13:58,085 menu          DEBUG  Current menu state: MODE_SELECT
2021-11-17 05:13:59,087 menu           INFO  (405.1640625, 510.91015625)
2021-11-17 05:13:59,903 menu          DEBUG  Current menu state: MODE_SELECT
2021-11-17 05:14:00,905 menu           INFO  (405.1640625, 510.91015625)
2021-11-17 05:14:01,724 menu          DEBUG  Current menu state: PARTY
2021-11-17 05:14:02,726 menu           INFO  (405.1640625, 510.91015625)
2021-11-17 05:14:03,541 menu          DEBUG  Current menu state: OTHER
2021-11-17 05:14:04,542 menu           INFO  (446.09765625, 616.18359375)
2021-11-17 05:14:04,951 menu          DEBUG  Current menu state: NOT_VISIBLE
2021-11-17 05:14:05,952 menu           INFO  (446.09765625, 616.18359375)
2021-11-17 05:14:06,354 menu          DEBUG  Current menu state: NOT_VISIBLE
2021-11-17 05:14:07,356 menu           INFO  (446.09765625, 616.18359375)
2021-11-17 05:14:07,768 menu          DEBUG  Current menu state: NOT_VISIBLE
2021-11-17 05:14:08,770 menu           INFO  (446.09765625, 616.18359375)
2021-11-17 05:14:09,172 menu          DEBUG  Current menu state: NOT_VISIBLE
2021-11-17 05:14:10,173 menu           INFO  (446.09765625, 616.18359375)
2021-11-17 05:14:10,583 menu          DEBUG  Current menu state: NOT_VISIBLE
2021-11-17 05:14:11,584 menu           INFO  (446.09765625, 616.18359375)
2021-11-17 05:14:11,989 menu          DEBUG  Current menu state: NOT_VISIBLE
2021-11-17 05:14:12,990 menu           INFO  (446.09765625, 616.18359375)
2021-11-17 05:14:13,386 menu          DEBUG  Current menu state: NOT_VISIBLE
2021-11-17 05:14:14,388 menu           INFO  (446.09765625, 616.18359375)
2021-11-17 05:14:14,804 menu          DEBUG  Current menu state: NOT_VISIBLE
2021-11-17 05:14:15,806 menu           INFO  (446.09765625, 616.18359375)
2021-11-17 05:14:16,219 menu          DEBUG  Current menu state: NOT_VISIBLE
2021-11-17 05:14:17,220 menu           INFO  (446.09765625, 616.18359375)
2021-11-17 05:14:17,626 menu          DEBUG  Current menu state: NOT_VISIBLE
2021-11-17 05:14:18,627 menu           INFO  (446.09765625, 616.18359375)
2021-11-17 05:14:19,029 menu          DEBUG  Current menu state: NOT_VISIBLE
2021-11-17 05:14:20,030 menu           INFO  (446.09765625, 616.18359375)
2021-11-17 05:14:20,439 menu          DEBUG  Current menu state: NOT_VISIBLE
2021-11-17 05:14:21,441 menu           INFO  (446.09765625, 616.18359375)
2021-11-17 05:14:21,853 menu          DEBUG  Current menu state: NOT_VISIBLE
2021-11-17 05:14:22,855 menu           INFO  (446.09765625, 616.18359375)
2021-11-17 05:14:23,265 menu          DEBUG  Current menu state: NOT_VISIBLE
2021-11-17 05:14:24,267 menu           INFO  (918.23046875, 768.05859375)
2021-11-17 05:14:24,665 menu          DEBUG  Current menu state: NOT_VISIBLE
2021-11-17 05:14:25,667 menu           INFO  (1061.37109375, 729.640625)
2021-11-17 05:14:26,069 menu          DEBUG  Current menu state: NOT_VISIBLE
2021-11-17 05:14:27,070 menu           INFO  (778.59765625, 390.453125)
2021-11-17 05:14:27,903 menu          DEBUG  Current menu state: OTHER
2021-11-17 05:14:28,905 menu           INFO  (594.2578125, 677.4609375)
2021-11-17 05:14:29,728 menu          DEBUG  Current menu state: OTHER
2021-11-17 05:14:30,729 menu           INFO  (594.2578125, 677.4609375)
2021-11-17 05:14:31,559 menu          DEBUG  Current menu state: OTHER
2021-11-17 05:14:32,560 menu           INFO  (594.2578125, 677.4609375)
2021-11-17 05:14:33,393 menu          DEBUG  Current menu state: OTHER
2021-11-17 05:14:34,394 menu           INFO  (636.61328125, 596.5859375)
2021-11-17 05:14:35,222 menu          DEBUG  Current menu state: OTHER
2021-11-17 05:14:36,224 menu           INFO  (336.94921875, 524.55078125)
2021-11-17 05:14:37,041 menu          DEBUG  Current menu state: HOME
2021-11-17 05:14:38,042 menu           INFO  (85.328125, 7.46875)
2021-11-17 05:14:38,877 menu          DEBUG  Current menu state: MODE_SELECT
2021-11-17 05:14:39,878 menu           INFO  (306.02734375, -44.62109375)
2021-11-17 05:14:40,277 menu          DEBUG  Current menu state: NOT_VISIBLE
2021-11-17 05:14:41,278 menu           INFO  (568.26953125, 516.484375)
2021-11-17 05:14:41,676 menu          DEBUG  Current menu state: NOT_VISIBLE
2021-11-17 05:14:42,677 menu           INFO  (699.03125, 5.27734375)
2021-11-17 05:14:43,083 menu          DEBUG  Current menu state: NOT_VISIBLE
2021-11-17 05:14:44,084 menu           INFO  (699.03125, 5.27734375)
2021-11-17 05:14:44,475 menu          DEBUG  Current menu state: NOT_VISIBLE
2021-11-17 05:14:45,476 menu           INFO  (699.03125, 5.27734375)
2021-11-17 05:14:45,847 menu          DEBUG  Current menu state: NOT_VISIBLE
2021-11-17 05:14:46,848 menu           INFO  (699.03125, 5.27734375)
2021-11-17 05:14:47,232 menu           INFO  (699.03125, 5.27734375)
2021-11-17 05:14:47,234 menu          DEBUG  Current menu state: NOT_VISIBLE
2021-11-17 05:14:47,396 menu          DEBUG  Current menu state: NOT_VISIBLE
2021-11-17 05:14:48,236 menu           INFO  (1124.87109375, 150.2265625)
2021-11-17 05:14:49,021 menu          DEBUG  Current menu state: MODE_SELECT
2021-11-17 05:14:50,022 menu           INFO  (1100.51171875, 69.04296875)
2021-11-17 05:14:50,361 menu           INFO  (1100.51171875, 69.04296875)
2021-11-17 05:14:50,442 menu          DEBUG  Current menu state: NOT_VISIBLE
2021-11-17 05:14:50,504 menu          DEBUG  Current menu state: NOT_VISIBLE
2021-11-17 05:14:50,504 menu          ERROR  Unable to start game: Client is not visible
2021-11-17 05:14:50,504 menu          ERROR  Make sure the entire client is visible on screen, then try again
2021-11-17 05:14:51,443 menu           INFO  (1100.51171875, 69.04296875)
2021-11-17 05:14:51,837 menu          DEBUG  Current menu state: NOT_VISIBLE
2021-11-17 05:14:52,838 menu           INFO  (1100.51171875, 69.04296875)
2021-11-17 05:14:53,212 menu          DEBUG  Current menu state: NOT_VISIBLE
2021-11-17 05:14:54,213 menu           INFO  (1100.51171875, 69.04296875)
2021-11-17 05:14:54,618 menu          DEBUG  Current menu state: NOT_VISIBLE
2021-11-17 05:14:55,620 menu           INFO  (1100.51171875, 69.04296875)
2021-11-17 05:14:55,989 menu          DEBUG  Current menu state: NOT_VISIBLE
2021-11-17 05:14:56,990 menu           INFO  (1100.51171875, 69.04296875)
2021-11-17 05:14:57,368 menu          DEBUG  Current menu state: NOT_VISIBLE
2021-11-17 05:14:58,369 menu           INFO  (1100.51171875, 69.04296875)
2021-11-17 05:14:58,756 menu          DEBUG  Current menu state: NOT_VISIBLE
2021-11-17 05:14:59,758 menu           INFO  (1100.51171875, 69.04296875)
2021-11-17 05:15:00,131 menu          DEBUG  Current menu state: NOT_VISIBLE
2021-11-17 05:15:00,452 menu           INFO  (1100.51171875, 69.04296875)
2021-11-17 05:15:00,631 menu          DEBUG  Current menu state: NOT_VISIBLE
2021-11-17 05:15:01,132 menu           INFO  (1100.51171875, 69.04296875)
2021-11-17 05:15:01,956 menu          DEBUG  Current menu state: MODE_SELECT
2021-11-17 05:15:02,957 menu           INFO  (1100.51171875, 69.04296875)
2021-11-17 05:15:03,333 menu          DEBUG  Current menu state: NOT_VISIBLE
2021-11-17 05:15:03,980 menu           INFO  (1126.36328125, 112.5859375)
2021-11-17 05:15:04,334 menu           INFO  (1140.93359375, 43.2421875)
2021-11-17 05:15:04,370 menu          DEBUG  Current menu state: NOT_VISIBLE
2021-11-17 05:15:04,370 menu          ERROR  Unable to start game: Client is not visible
2021-11-17 05:15:04,370 menu          ERROR  Make sure the entire client is visible on screen, then try again
2021-11-17 05:15:04,472 menu          DEBUG  Current menu state: NOT_VISIBLE
2021-11-17 05:15:05,473 menu           INFO  (1140.93359375, 43.2421875)
2021-11-17 05:15:05,888 menu          DEBUG  Current menu state: NOT_VISIBLE
2021-11-17 05:15:06,889 menu           INFO  (1140.93359375, 43.2421875)
2021-11-17 05:15:07,312 menu          DEBUG  Current menu state: NOT_VISIBLE
2021-11-17 05:15:08,313 menu           INFO  (1140.93359375, 43.2421875)
2021-11-17 05:15:08,733 menu          DEBUG  Current menu state: NOT_VISIBLE
2021-11-17 05:15:09,735 menu           INFO  (1140.93359375, 43.2421875)
2021-11-17 05:15:10,147 menu          DEBUG  Current menu state: NOT_VISIBLE
2021-11-17 05:15:11,148 menu           INFO  (1140.93359375, 43.2421875)
2021-11-17 05:15:11,517 menu          DEBUG  Current menu state: NOT_VISIBLE
2021-11-17 05:15:12,518 menu           INFO  (1140.93359375, 43.2421875)
2021-11-17 05:15:12,871 menu          DEBUG  Current menu state: NOT_VISIBLE
2021-11-17 05:15:13,872 menu           INFO  (1140.93359375, 43.2421875)
2021-11-17 05:15:14,257 menu          DEBUG  Current menu state: NOT_VISIBLE
2021-11-17 05:15:15,258 menu           INFO  (1006.046875, 768.05859375)
2021-11-17 05:15:15,671 menu          DEBUG  Current menu state: NOT_VISIBLE
2021-11-17 05:15:16,672 menu           INFO  (1065.375, 748.84765625)
2021-11-17 05:15:17,485 menu          DEBUG  Current menu state: MODE_SELECT
2021-11-17 05:15:18,487 menu           INFO  (434.17578125, 510.1796875)
2021-11-17 05:15:19,337 menu          DEBUG  Current menu state: MODE_SELECT
2021-11-17 05:15:20,338 menu           INFO  (419.7578125, 521.390625)
2021-11-17 05:15:21,180 menu          DEBUG  Current menu state: PARTY
2021-11-17 05:15:22,181 menu           INFO  (345.65625, 517.64453125)
2021-11-17 05:15:23,014 menu          DEBUG  Current menu state: PARTY
2021-11-17 05:15:24,015 menu           INFO  (373.15234375, 515.375)
2021-11-17 05:15:24,845 menu          DEBUG  Current menu state: OTHER
2021-11-17 05:15:25,846 menu           INFO  (369.796875, 515.35546875)
2021-11-17 05:15:26,656 menu          DEBUG  Current menu state: OTHER
2021-11-17 05:15:27,657 menu           INFO  (347.24609375, 517.33984375)
2021-11-17 05:15:28,484 menu          DEBUG  Current menu state: OTHER
2021-11-17 05:15:29,484 menu           INFO  (486.109375, 302.33984375)
2021-11-17 05:15:30,283 menu          DEBUG  Current menu state: OTHER
2021-11-17 05:15:31,285 menu           INFO  (481.359375, 642.00390625)
2021-11-17 05:15:31,708 menu          DEBUG  Current menu state: NOT_VISIBLE
2021-11-17 05:15:32,710 menu           INFO  (926.3515625, 748.17578125)
2021-11-17 05:15:33,101 menu          DEBUG  Current menu state: NOT_VISIBLE
2021-11-17 05:15:34,103 menu           INFO  (1011.890625, 747.08203125)
2021-11-17 05:15:34,516 menu          DEBUG  Current menu state: NOT_VISIBLE
2021-11-17 05:15:35,517 menu           INFO  (1050.62109375, 735.0859375)
2021-11-17 05:15:36,298 menu          DEBUG  Current menu state: OTHER
2021-11-17 05:15:37,299 menu           INFO  (339.5546875, 512.453125)
2021-11-17 05:15:38,118 menu          DEBUG  Current menu state: IN_QUEUE
2021-11-17 05:15:39,119 menu           INFO  (539.546875, 638.62109375)
2021-11-17 05:15:39,530 menu          DEBUG  Current menu state: NOT_VISIBLE
2021-11-17 05:15:40,531 menu           INFO  (539.546875, 638.62109375)
2021-11-17 05:15:40,929 menu          DEBUG  Current menu state: NOT_VISIBLE
2021-11-17 05:15:41,930 menu           INFO  (1072.44140625, 744.2890625)
2021-11-17 05:15:42,335 menu          DEBUG  Current menu state: NOT_VISIBLE
2021-11-17 05:15:43,337 menu           INFO  (362.078125, 475.1484375)
2021-11-17 05:15:44,186 menu          DEBUG  Current menu state: OTHER
2021-11-17 05:15:45,187 menu           INFO  (104.42578125, -2.8984375)
2021-11-17 05:15:46,004 menu          DEBUG  Current menu state: MODE_SELECT
2021-11-17 05:15:47,006 menu           INFO  (329.71484375, 51.27734375)
2021-11-17 05:15:47,829 menu          DEBUG  Current menu state: MODE_SELECT
2021-11-17 05:15:48,830 menu           INFO  (407.015625, 494.75390625)
2021-11-17 05:15:49,684 menu          DEBUG  Current menu state: MODE_SELECT
2021-11-17 05:15:50,685 menu           INFO  (407.0, 513.234375)
2021-11-17 05:15:51,561 menu          DEBUG  Current menu state: OTHER
2021-11-17 05:15:52,562 menu           INFO  (501.71484375, 157.36328125)
2021-11-17 05:15:53,407 menu          DEBUG  Current menu state: CHAMP_SELECT
2021-11-17 05:15:54,408 menu           INFO  (541.78515625, 461.31640625)
2021-11-17 05:15:55,259 menu          DEBUG  Current menu state: CHAMP_SELECT
2021-11-17 05:15:56,260 menu           INFO  (541.78515625, 461.31640625)
2021-11-17 05:15:57,092 menu          DEBUG  Current menu state: CHAMP_SELECT
2021-11-17 05:15:58,093 menu           INFO  (541.78515625, 461.31640625)
2021-11-17 05:15:58,940 menu          DEBUG  Current menu state: CHAMP_SELECT
2021-11-17 05:15:59,941 menu           INFO  (755.44140625, 488.0859375)
2021-11-17 05:16:00,791 menu          DEBUG  Current menu state: CHAMP_SELECT
2021-11-17 05:16:01,793 menu           INFO  (850.29296875, 510.93359375)
2021-11-17 05:16:02,623 menu          DEBUG  Current menu state: CHAMP_SELECT
2021-11-17 05:16:03,625 menu           INFO  (852.6015625, 515.22265625)
2021-11-17 05:16:04,438 menu          DEBUG  Current menu state: CHAMP_SELECT
2021-11-17 05:16:05,439 menu           INFO  (819.765625, 95.546875)
2021-11-17 05:16:06,266 menu          DEBUG  Current menu state: HOME
2021-11-17 05:16:07,267 menu           INFO  (994.984375, -17.34765625)
2021-11-17 05:16:08,074 menu          DEBUG  Current menu state: HOME
2021-11-17 05:16:09,076 menu           INFO  (999.91796875, -51.6953125)
2021-11-17 05:16:09,928 menu          DEBUG  Current menu state: HOME
2021-11-17 05:16:10,928 menu           INFO  (441.7578125, 426.61328125)
2021-11-17 05:16:11,730 menu          DEBUG  Current menu state: HOME
2021-11-17 05:16:12,731 menu           INFO  (466.91796875, 408.68359375)
2021-11-17 05:16:13,112 menu          DEBUG  Current menu state: NOT_VISIBLE
2021-11-17 05:16:14,113 menu           INFO  (559.5234375, 509.8671875)
2021-11-17 05:16:14,527 menu          DEBUG  Current menu state: NOT_VISIBLE
2021-11-17 05:16:15,529 menu           INFO  (636.3984375, 606.0859375)
2021-11-17 05:16:15,943 menu          DEBUG  Current menu state: NOT_VISIBLE
2021-11-17 05:16:16,944 menu           INFO  (1256.75, 330.05078125)
2021-11-17 05:16:17,348 menu          DEBUG  Current menu state: NOT_VISIBLE
2021-11-17 05:16:18,349 menu           INFO  (619.47265625, -21.06640625)
2021-11-17 05:16:18,764 menu          DEBUG  Current menu state: NOT_VISIBLE
2021-11-17 05:16:19,765 menu           INFO  (542.08984375, 90.2890625)
2021-11-17 05:16:20,141 menu          DEBUG  Current menu state: NOT_VISIBLE
2021-11-17 05:16:21,142 menu           INFO  (501.33203125, 415.0859375)
2021-11-17 05:16:21,521 menu          DEBUG  Current menu state: NOT_VISIBLE
2021-11-17 05:16:22,522 menu           INFO  (501.33203125, 415.0859375)
2021-11-17 05:16:22,904 menu          DEBUG  Current menu state: NOT_VISIBLE
2021-11-17 05:16:23,906 menu           INFO  (539.71484375, 385.38671875)
2021-11-17 05:16:24,295 menu          DEBUG  Current menu state: NOT_VISIBLE
2021-11-17 05:16:25,296 menu           INFO  (1031.03125, -43.8984375)
2021-11-17 05:16:25,651 menu          DEBUG  Current menu state: NOT_VISIBLE
2021-11-17 05:16:26,653 menu           INFO  (791.0625, 266.03515625)
2021-11-17 05:16:29,615 menu           INFO  (742.65625, 406.8359375)
2021-11-17 05:16:30,108 menu          DEBUG  Current menu state: NOT_VISIBLE
2021-11-17 05:16:31,109 menu           INFO  (742.65625, 406.8359375)
2021-11-17 05:16:31,493 menu          DEBUG  Current menu state: NOT_VISIBLE
2021-11-17 05:16:32,494 menu           INFO  (680.9140625, 252.80859375)
2021-11-17 05:16:32,847 menu          DEBUG  Current menu state: NOT_VISIBLE
2021-11-17 05:16:33,848 menu           INFO  (611.453125, 428.58984375)
2021-11-17 05:16:34,194 menu          DEBUG  Current menu state: NOT_VISIBLE
2021-11-17 05:16:35,195 menu           INFO  (560.5859375, 273.49609375)
2021-11-17 05:16:35,570 menu          DEBUG  Current menu state: NOT_VISIBLE
2021-11-17 05:16:36,571 menu           INFO  (560.81640625, 273.49609375)
2021-11-17 05:16:36,930 menu          DEBUG  Current menu state: NOT_VISIBLE
2021-11-17 05:16:37,931 menu           INFO  (585.5625, 304.12890625)
2021-11-17 05:16:38,288 menu          DEBUG  Current menu state: NOT_VISIBLE
2021-11-17 05:16:39,290 menu           INFO  (581.375, 372.26171875)
2021-11-17 05:16:39,657 menu          DEBUG  Current menu state: NOT_VISIBLE
2021-11-17 05:16:40,658 menu           INFO  (581.375, 372.26171875)
2021-11-17 05:16:41,033 menu          DEBUG  Current menu state: NOT_VISIBLE
2021-11-17 05:16:42,034 menu           INFO  (581.375, 372.26171875)
2021-11-17 05:16:42,411 menu          DEBUG  Current menu state: NOT_VISIBLE
2021-11-17 05:16:43,412 menu           INFO  (581.375, 372.26171875)
2021-11-17 05:16:43,761 menu          DEBUG  Current menu state: NOT_VISIBLE
2021-11-17 05:16:44,762 menu           INFO  (581.375, 372.26171875)
2021-11-17 05:16:45,127 menu          DEBUG  Current menu state: NOT_VISIBLE
2021-11-17 05:16:46,128 menu           INFO  (581.375, 372.26171875)
2021-11-17 05:16:46,485 menu          DEBUG  Current menu state: NOT_VISIBLE
2021-11-17 05:16:47,486 menu           INFO  (570.61328125, 474.27734375)
2021-11-17 05:16:47,845 menu          DEBUG  Current menu state: NOT_VISIBLE
2021-11-17 05:16:48,846 menu           INFO  (719.23828125, 478.296875)
2021-11-17 05:16:49,222 menu          DEBUG  Current menu state: NOT_VISIBLE
2021-11-17 05:16:50,224 menu           INFO  (719.23828125, 478.296875)
2021-11-17 05:16:50,620 menu          DEBUG  Current menu state: NOT_VISIBLE
2021-11-17 05:16:51,622 menu           INFO  (477.04296875, 475.453125)
2021-11-17 05:16:51,961 menu          DEBUG  Current menu state: NOT_VISIBLE
2021-11-17 05:16:52,963 menu           INFO  (764.52734375, 471.96484375)
2021-11-17 05:16:53,357 menu          DEBUG  Current menu state: NOT_VISIBLE
2021-11-17 05:16:54,358 menu           INFO  (764.52734375, 471.96484375)
2021-11-17 05:16:54,726 menu          DEBUG  Current menu state: NOT_VISIBLE
2021-11-17 05:16:55,727 menu           INFO  (764.52734375, 471.96484375)
2021-11-17 05:16:56,117 menu          DEBUG  Current menu state: NOT_VISIBLE
2021-11-17 05:16:57,118 menu           INFO  (764.52734375, 471.96484375)
2021-11-17 05:16:57,469 menu          DEBUG  Current menu state: NOT_VISIBLE
2021-11-17 05:16:58,470 menu           INFO  (683.63671875, 467.9921875)
2021-11-17 05:16:58,825 menu          DEBUG  Current menu state: NOT_VISIBLE
2021-11-17 05:16:59,827 menu           INFO  (644.41015625, 459.73828125)
2021-11-17 05:17:00,196 menu          DEBUG  Current menu state: NOT_VISIBLE
2021-11-17 05:17:01,197 menu           INFO  (849.79296875, 474.23828125)
2021-11-17 05:17:01,573 menu          DEBUG  Current menu state: NOT_VISIBLE
2021-11-17 05:17:02,574 menu           INFO  (849.79296875, 474.23828125)
2021-11-17 05:17:02,971 menu          DEBUG  Current menu state: NOT_VISIBLE
2021-11-17 05:17:03,972 menu           INFO  (849.79296875, 474.23828125)
2021-11-17 05:17:04,361 menu          DEBUG  Current menu state: NOT_VISIBLE
2021-11-17 05:17:05,362 menu           INFO  (865.6953125, 471.08203125)
2021-11-17 05:17:05,722 menu          DEBUG  Current menu state: NOT_VISIBLE
2021-11-17 05:17:06,724 menu           INFO  (835.22265625, 472.39453125)
2021-11-17 05:17:07,113 menu          DEBUG  Current menu state: NOT_VISIBLE
2021-11-17 05:17:08,114 menu           INFO  (893.46875, 494.796875)
2021-11-17 05:17:08,494 menu          DEBUG  Current menu state: NOT_VISIBLE
2021-11-17 05:17:09,495 menu           INFO  (836.9609375, 474.21875)
2021-11-17 05:17:09,849 menu          DEBUG  Current menu state: NOT_VISIBLE
2021-11-17 05:17:10,850 menu           INFO  (857.4140625, 423.265625)
2021-11-17 05:17:11,240 menu          DEBUG  Current menu state: NOT_VISIBLE
2021-11-17 05:17:12,241 menu           INFO  (792.859375, 398.9453125)
2021-11-17 05:17:12,583 menu          DEBUG  Current menu state: NOT_VISIBLE
2021-11-17 05:17:13,585 menu           INFO  (846.7421875, 342.484375)
2021-11-17 05:17:13,940 menu          DEBUG  Current menu state: NOT_VISIBLE
2021-11-17 05:17:14,942 menu           INFO  (804.0390625, 374.27734375)
2021-11-17 05:17:15,321 menu          DEBUG  Current menu state: NOT_VISIBLE
2021-11-17 05:17:16,323 menu           INFO  (866.15234375, 245.73828125)
2021-11-17 05:17:16,705 menu          DEBUG  Current menu state: NOT_VISIBLE
2021-11-17 05:17:17,707 menu           INFO  (866.15234375, 245.73828125)
2021-11-17 05:17:18,111 menu          DEBUG  Current menu state: NOT_VISIBLE
2021-11-17 05:17:19,112 menu           INFO  (866.15234375, 245.73828125)
2021-11-17 05:17:19,501 menu          DEBUG  Current menu state: NOT_VISIBLE
2021-11-17 05:17:20,502 menu           INFO  (866.15234375, 245.73828125)
2021-11-17 05:17:20,866 menu          DEBUG  Current menu state: NOT_VISIBLE
2021-11-17 05:17:21,867 menu           INFO  (866.15234375, 245.73828125)
2021-11-17 05:17:22,241 menu          DEBUG  Current menu state: NOT_VISIBLE
2021-11-17 05:17:23,242 menu           INFO  (866.15234375, 245.73828125)
2021-11-17 05:17:23,593 menu          DEBUG  Current menu state: NOT_VISIBLE
2021-11-17 05:17:24,595 menu           INFO  (866.15234375, 245.73828125)
2021-11-17 05:17:24,984 menu          DEBUG  Current menu state: NOT_VISIBLE
2021-11-17 05:17:25,985 menu           INFO  (866.15234375, 245.73828125)
2021-11-17 05:17:26,357 menu          DEBUG  Current menu state: NOT_VISIBLE
2021-11-17 05:17:27,359 menu           INFO  (866.15234375, 245.73828125)
2021-11-17 05:17:27,746 menu          DEBUG  Current menu state: NOT_VISIBLE
2021-11-17 05:17:28,747 menu           INFO  (866.15234375, 245.73828125)
2021-11-17 05:17:29,087 menu          DEBUG  Current menu state: NOT_VISIBLE
2021-11-17 05:17:30,088 menu           INFO  (866.15234375, 245.73828125)
2021-11-17 05:17:30,482 menu          DEBUG  Current menu state: NOT_VISIBLE
2021-11-17 05:17:31,483 menu           INFO  (866.15234375, 245.73828125)
2021-11-17 05:17:31,845 menu          DEBUG  Current menu state: NOT_VISIBLE
2021-11-17 05:17:32,846 menu           INFO  (866.15234375, 245.73828125)
2021-11-17 05:17:33,213 menu          DEBUG  Current menu state: NOT_VISIBLE
2021-11-17 05:17:34,215 menu           INFO  (866.15234375, 245.73828125)
2021-11-17 05:17:34,566 menu          DEBUG  Current menu state: NOT_VISIBLE
2021-11-17 05:17:35,567 menu           INFO  (866.15234375, 245.73828125)
2021-11-17 05:17:35,934 menu          DEBUG  Current menu state: NOT_VISIBLE
2021-11-17 05:17:36,935 menu           INFO  (866.15234375, 245.73828125)
2021-11-17 05:17:37,295 menu          DEBUG  Current menu state: NOT_VISIBLE
2021-11-17 05:17:38,296 menu           INFO  (866.15234375, 245.73828125)
2021-11-17 05:17:38,661 menu          DEBUG  Current menu state: NOT_VISIBLE
2021-11-17 05:17:39,662 menu           INFO  (866.15234375, 245.73828125)
2021-11-17 05:17:40,037 menu          DEBUG  Current menu state: NOT_VISIBLE
2021-11-17 05:17:41,038 menu           INFO  (866.15234375, 245.73828125)
2021-11-17 05:17:41,399 menu          DEBUG  Current menu state: NOT_VISIBLE
2021-11-17 05:17:42,400 menu           INFO  (866.15234375, 245.73828125)
2021-11-17 05:17:42,750 menu          DEBUG  Current menu state: NOT_VISIBLE
2021-11-17 05:17:43,752 menu           INFO  (866.15234375, 245.73828125)
2021-11-17 05:17:44,135 menu          DEBUG  Current menu state: NOT_VISIBLE
2021-11-17 05:17:45,136 menu           INFO  (866.15234375, 245.73828125)
2021-11-17 05:17:45,492 menu          DEBUG  Current menu state: NOT_VISIBLE
2021-11-17 05:17:46,493 menu           INFO  (866.15234375, 245.73828125)
2021-11-17 05:17:46,844 menu          DEBUG  Current menu state: NOT_VISIBLE
2021-11-17 05:17:47,845 menu           INFO  (866.15234375, 245.73828125)
2021-11-17 05:17:48,190 menu          DEBUG  Current menu state: NOT_VISIBLE
2021-11-17 05:17:49,191 menu           INFO  (866.15234375, 245.73828125)
2021-11-17 05:17:49,540 menu          DEBUG  Current menu state: NOT_VISIBLE
2021-11-17 05:17:50,541 menu           INFO  (866.15234375, 245.73828125)
2021-11-17 05:17:50,884 menu          DEBUG  Current menu state: NOT_VISIBLE
2021-11-17 05:17:51,885 menu           INFO  (976.9296875, 227.9375)
2021-11-17 05:17:52,239 menu          DEBUG  Current menu state: NOT_VISIBLE
2021-11-17 05:17:53,240 menu           INFO  (871.40234375, 416.046875)
2021-11-17 05:17:53,579 menu          DEBUG  Current menu state: NOT_VISIBLE
2021-11-17 05:17:54,581 menu           INFO  (1123.2265625, 421.03515625)
2021-11-17 05:17:54,961 menu          DEBUG  Current menu state: NOT_VISIBLE
2021-11-17 05:17:55,963 menu           INFO  (1127.82421875, 418.03515625)
2021-11-17 05:17:56,347 menu          DEBUG  Current menu state: NOT_VISIBLE
2021-11-17 05:17:57,348 menu           INFO  (736.78125, 408.9921875)
2021-11-17 05:17:57,691 menu          DEBUG  Current menu state: NOT_VISIBLE
2021-11-17 05:17:58,692 menu           INFO  (736.78125, 408.9921875)
2021-11-17 05:17:59,049 menu          DEBUG  Current menu state: NOT_VISIBLE
2021-11-17 05:18:00,050 menu           INFO  (1254.2421875, 425.265625)
2021-11-17 05:18:00,443 menu          DEBUG  Current menu state: NOT_VISIBLE
2021-11-17 05:18:01,444 menu           INFO  (1254.2421875, 406.30859375)
2021-11-17 05:18:01,796 menu          DEBUG  Current menu state: NOT_VISIBLE
2021-11-17 05:18:02,797 menu           INFO  (1254.2421875, 406.30859375)
2021-11-17 05:18:03,195 menu          DEBUG  Current menu state: NOT_VISIBLE
2021-11-17 05:18:04,196 menu           INFO  (1254.2421875, 406.30859375)
2021-11-17 05:18:04,598 menu          DEBUG  Current menu state: NOT_VISIBLE
2021-11-17 05:18:05,599 menu           INFO  (1254.2421875, 406.30859375)
2021-11-17 05:18:05,942 menu          DEBUG  Current menu state: NOT_VISIBLE
2021-11-17 05:18:06,944 menu           INFO  (1254.2421875, 406.30859375)
2021-11-17 05:18:07,275 menu          DEBUG  Current menu state: NOT_VISIBLE
2021-11-17 05:18:08,277 menu           INFO  (868.890625, 479.96875)
2021-11-17 05:18:08,649 menu          DEBUG  Current menu state: NOT_VISIBLE
2021-11-17 05:18:09,650 menu           INFO  (642.97265625, 443.546875)
2021-11-17 05:18:10,040 menu          DEBUG  Current menu state: NOT_VISIBLE
2021-11-17 05:18:11,042 menu           INFO  (879.36328125, 439.9375)
2021-11-17 05:18:11,390 menu          DEBUG  Current menu state: NOT_VISIBLE
2021-11-17 05:18:12,392 menu           INFO  (879.36328125, 439.9375)
2021-11-17 05:18:12,766 menu          DEBUG  Current menu state: NOT_VISIBLE
2021-11-17 05:18:13,767 menu           INFO  (879.36328125, 439.9375)
2021-11-17 05:18:14,145 menu          DEBUG  Current menu state: NOT_VISIBLE
2021-11-17 05:18:15,146 menu           INFO  (879.36328125, 439.9375)
2021-11-17 05:18:15,510 menu          DEBUG  Current menu state: NOT_VISIBLE
2021-11-17 05:18:16,511 menu           INFO  (658.12109375, 438.7109375)
2021-11-17 05:18:16,902 menu          DEBUG  Current menu state: NOT_VISIBLE
2021-11-17 05:18:17,903 menu           INFO  (622.78515625, 439.69921875)
2021-11-17 05:18:18,283 menu          DEBUG  Current menu state: NOT_VISIBLE
2021-11-17 05:18:19,284 menu           INFO  (711.4375, 416.7421875)
2021-11-17 05:18:19,642 menu          DEBUG  Current menu state: NOT_VISIBLE
2021-11-17 05:18:20,643 menu           INFO  (711.4375, 416.7421875)
2021-11-17 05:18:20,994 menu          DEBUG  Current menu state: NOT_VISIBLE
2021-11-17 05:18:21,995 menu           INFO  (711.4375, 416.7421875)
2021-11-17 05:18:22,365 menu          DEBUG  Current menu state: NOT_VISIBLE
2021-11-17 05:18:23,366 menu           INFO  (711.4375, 416.7421875)
2021-11-17 05:18:23,724 menu          DEBUG  Current menu state: NOT_VISIBLE
2021-11-17 05:18:24,726 menu           INFO  (1052.28125, 428.5625)
2021-11-17 05:18:25,065 menu          DEBUG  Current menu state: NOT_VISIBLE
2021-11-17 05:18:26,067 menu           INFO  (1141.19921875, 53.0390625)
2021-11-17 05:18:26,451 menu          DEBUG  Current menu state: NOT_VISIBLE
2021-11-17 05:18:32,238 menu           INFO  (29.0234375, 675.296875)
2021-11-17 05:18:32,720 menu          DEBUG  Current menu state: NOT_VISIBLE
2021-11-17 05:18:33,721 menu           INFO  (53.10546875, 638.4921875)
2021-11-17 05:18:34,521 menu          DEBUG  Current menu state: OTHER
2021-11-17 05:18:35,522 menu           INFO  (2250.69921875, 802.09765625)
2021-11-17 05:18:36,337 menu          DEBUG  Current menu state: OTHER
2021-11-17 05:18:37,338 menu           INFO  (1694.12890625, 74.55859375)
2021-11-17 05:18:38,147 menu          DEBUG  Current menu state: HOME
2021-11-17 05:18:39,148 menu           INFO  (1967.14453125, 130.31640625)
2021-11-17 05:18:39,531 menu          DEBUG  Current menu state: NOT_VISIBLE
2021-11-17 05:18:40,533 menu           INFO  (1810.6796875, 164.44140625)
2021-11-17 05:18:40,929 menu          DEBUG  Current menu state: NOT_VISIBLE
2021-11-17 05:18:41,931 menu           INFO  (1760.9921875, 152.4609375)
2021-11-17 05:18:42,293 menu          DEBUG  Current menu state: NOT_VISIBLE
2021-11-17 05:18:43,294 menu           INFO  (1981.98828125, 381.4140625)
2021-11-17 05:18:43,645 menu          DEBUG  Current menu state: NOT_VISIBLE
2021-11-17 05:18:44,646 menu           INFO  (1997.1328125, 412.796875)
2021-11-17 05:18:45,032 menu          DEBUG  Current menu state: NOT_VISIBLE
2021-11-17 05:18:46,033 menu           INFO  (2034.25390625, 412.796875)
2021-11-17 05:18:46,398 menu          DEBUG  Current menu state: NOT_VISIBLE
2021-11-17 05:18:47,400 menu           INFO  (2306.2265625, 23.296875)
2021-11-17 05:18:50,749 menu           INFO  (632.58984375, 222.44140625)
2021-11-17 05:18:51,228 menu          DEBUG  Current menu state: NOT_VISIBLE
2021-11-17 05:18:55,148 menu           INFO  (801.5625, 305.4921875)
2021-11-17 05:18:55,621 menu          DEBUG  Current menu state: NOT_VISIBLE
2021-11-17 05:18:56,622 menu           INFO  (802.4140625, 299.81640625)
2021-11-17 05:18:57,003 menu          DEBUG  Current menu state: NOT_VISIBLE
2021-11-17 05:18:58,004 menu           INFO  (807.16015625, 352.78515625)
2021-11-17 05:18:58,381 menu          DEBUG  Current menu state: NOT_VISIBLE
2021-11-17 05:18:59,382 menu           INFO  (717.3984375, 787.3046875)
2021-11-17 05:18:59,729 menu          DEBUG  Current menu state: NOT_VISIBLE
2021-11-17 05:19:00,730 menu           INFO  (866.75390625, 321.08984375)
2021-11-17 05:19:01,113 menu          DEBUG  Current menu state: NOT_VISIBLE
2021-11-17 05:19:02,115 menu           INFO  (806.3046875, 763.87109375)
2021-11-17 05:19:02,483 menu          DEBUG  Current menu state: NOT_VISIBLE
2021-11-17 05:19:03,484 menu           INFO  (806.3046875, 763.87109375)
2021-11-17 05:19:03,869 menu          DEBUG  Current menu state: NOT_VISIBLE
2021-11-17 05:19:49,340 menu           INFO  (664.796875, 298.61328125)
2021-11-17 05:19:49,792 menu          DEBUG  Current menu state: NOT_VISIBLE
2021-11-17 05:19:50,793 menu           INFO  (1124.89453125, 230.85546875)
2021-11-17 05:19:51,177 menu          DEBUG  Current menu state: NOT_VISIBLE
2021-11-17 05:19:52,178 menu           INFO  (682.58203125, 203.22265625)
2021-11-17 05:19:52,569 menu          DEBUG  Current menu state: NOT_VISIBLE
2021-11-17 05:19:53,570 menu           INFO  (874.44921875, 235.6953125)
2021-11-17 05:19:53,963 menu          DEBUG  Current menu state: NOT_VISIBLE
2021-11-17 05:19:54,964 menu           INFO  (870.27734375, 235.92578125)
2021-11-17 05:19:55,333 menu          DEBUG  Current menu state: NOT_VISIBLE
2021-11-17 05:19:56,334 menu           INFO  (870.27734375, 235.92578125)
2021-11-17 05:19:56,680 menu          DEBUG  Current menu state: NOT_VISIBLE
2021-11-17 05:19:57,681 menu           INFO  (870.27734375, 235.92578125)
2021-11-17 05:19:58,032 menu          DEBUG  Current menu state: NOT_VISIBLE
2021-11-17 05:19:59,033 menu           INFO  (870.27734375, 235.92578125)
2021-11-17 05:19:59,391 menu          DEBUG  Current menu state: NOT_VISIBLE
2021-11-17 05:20:00,392 menu           INFO  (870.27734375, 235.92578125)
2021-11-17 05:20:00,754 menu          DEBUG  Current menu state: NOT_VISIBLE
2021-11-17 05:20:01,756 menu           INFO  (870.27734375, 235.92578125)
2021-11-17 05:20:02,148 menu          DEBUG  Current menu state: NOT_VISIBLE
2021-11-17 05:20:03,150 menu           INFO  (870.27734375, 235.92578125)
2021-11-17 05:20:03,502 menu          DEBUG  Current menu state: NOT_VISIBLE
2021-11-17 05:20:04,503 menu           INFO  (870.27734375, 235.92578125)
2021-11-17 05:20:04,851 menu          DEBUG  Current menu state: NOT_VISIBLE
2021-11-17 05:20:05,852 menu           INFO  (870.27734375, 235.92578125)
2021-11-17 05:20:06,215 menu          DEBUG  Current menu state: NOT_VISIBLE
2021-11-17 05:20:07,216 menu           INFO  (623.234375, 252.3046875)
2021-11-17 05:20:07,589 menu          DEBUG  Current menu state: NOT_VISIBLE
2021-11-17 05:20:08,591 menu           INFO  (860.39453125, 261.40625)
2021-11-17 05:20:08,981 menu          DEBUG  Current menu state: NOT_VISIBLE
2021-11-17 05:20:09,983 menu           INFO  (620.88671875, 240.0625)
2021-11-17 05:20:10,358 menu          DEBUG  Current menu state: NOT_VISIBLE
2021-11-17 05:20:11,359 menu           INFO  (620.88671875, 240.0625)
2021-11-17 05:20:11,730 menu          DEBUG  Current menu state: NOT_VISIBLE
2021-11-17 05:20:12,731 menu           INFO  (942.46484375, 246.8828125)
2021-11-17 05:20:13,080 menu          DEBUG  Current menu state: NOT_VISIBLE
2021-11-17 05:20:14,081 menu           INFO  (935.1484375, 228.91015625)
2021-11-17 05:20:14,444 menu          DEBUG  Current menu state: NOT_VISIBLE
2021-11-17 05:20:15,446 menu           INFO  (1034.28515625, 228.6796875)
2021-11-17 05:20:15,830 menu          DEBUG  Current menu state: NOT_VISIBLE
2021-11-17 05:20:16,832 menu           INFO  (1122.5859375, 236.7265625)
2021-11-17 05:20:17,193 menu          DEBUG  Current menu state: NOT_VISIBLE
2021-11-17 05:20:18,194 menu           INFO  (1122.5859375, 236.7265625)
2021-11-17 05:20:18,556 menu          DEBUG  Current menu state: NOT_VISIBLE
2021-11-17 05:20:19,556 menu           INFO  (846.61328125, 247.31640625)
2021-11-17 05:20:19,901 menu          DEBUG  Current menu state: NOT_VISIBLE
2021-11-17 05:20:23,722 menu           INFO  (676.63671875, 228.24609375)
2021-11-17 05:20:24,207 menu          DEBUG  Current menu state: NOT_VISIBLE
2021-11-17 05:20:25,214 menu           INFO  (1142.52734375, 66.25)
2021-11-17 05:20:25,569 menu          DEBUG  Current menu state: NOT_VISIBLE
2021-11-17 05:20:29,029 menu           INFO  (676.87109375, 243.30078125)
2021-11-17 05:20:29,492 menu          DEBUG  Current menu state: NOT_VISIBLE
2021-11-17 05:20:30,493 menu           INFO  (676.87109375, 243.30078125)
2021-11-17 05:20:30,863 menu          DEBUG  Current menu state: NOT_VISIBLE
2021-11-17 05:20:37,889 menu           INFO  (857.66796875, 438.640625)
2021-11-17 05:20:38,375 menu          DEBUG  Current menu state: NOT_VISIBLE
2021-11-17 05:20:39,376 menu           INFO  (857.66796875, 899.98046875)
2021-11-17 05:20:39,790 menu          DEBUG  Current menu state: NOT_VISIBLE
2021-11-17 05:20:40,791 menu           INFO  (1135.99609375, 869.27734375)
2021-11-17 05:20:41,198 menu          DEBUG  Current menu state: NOT_VISIBLE
2021-11-17 05:20:42,199 menu           INFO  (849.58203125, 899.98046875)
2021-11-17 05:20:42,591 menu          DEBUG  Current menu state: NOT_VISIBLE
2021-11-17 05:20:43,592 menu           INFO  (1145.12890625, 886.69921875)
2021-11-17 05:20:43,985 menu          DEBUG  Current menu state: NOT_VISIBLE
2021-11-17 05:20:44,987 menu           INFO  (754.43359375, 255.265625)
2021-11-17 05:20:45,362 menu          DEBUG  Current menu state: NOT_VISIBLE
2021-11-17 05:20:46,363 menu           INFO  (753.40234375, 251.66796875)
2021-11-17 05:20:46,706 menu          DEBUG  Current menu state: NOT_VISIBLE
2021-11-17 05:20:47,707 menu           INFO  (738.6484375, 203.7109375)
2021-11-17 05:20:48,102 menu          DEBUG  Current menu state: NOT_VISIBLE
2021-11-17 05:20:49,103 menu           INFO  (738.6484375, 203.7109375)
2021-11-17 05:20:49,496 menu          DEBUG  Current menu state: NOT_VISIBLE
2021-11-17 05:20:50,111 menu           INFO  (805.6015625, 305.44140625)
2021-11-17 05:20:50,497 menu           INFO  (806.53515625, 29.01953125)
2021-11-17 05:20:50,950 menu          DEBUG  Current menu state: HOME
2021-11-17 05:20:50,950 menu          DEBUG  Navigating to home
2021-11-17 05:20:50,950 menu           INFO  (770.08203125, 14.55859375)
2021-11-17 05:20:51,312 menu          DEBUG  Current menu state: HOME
2021-11-17 05:20:51,758 menu          DEBUG  Current menu state: HOME
2021-11-17 05:20:51,758 menu           INFO  (715.70703125, -55.87109375)
2021-11-17 05:20:52,312 menu           INFO  (715.70703125, -55.87109375)
2021-11-17 05:20:52,438 menu          DEBUG  Current menu state: NOT_VISIBLE
2021-11-17 05:20:52,545 menu          DEBUG  Current menu state: OTHER
2021-11-17 05:20:52,545 menu          ERROR  Unable to start game: Could not navigate to home screen
2021-11-17 05:20:53,439 menu           INFO  (715.70703125, -55.87109375)
2021-11-17 05:20:53,807 menu          DEBUG  Current menu state: NOT_VISIBLE
2021-11-17 05:20:54,808 menu           INFO  (716.5234375, -30.328125)
2021-11-17 05:20:55,142 menu          DEBUG  Current menu state: NOT_VISIBLE
2021-11-17 05:20:56,143 menu           INFO  (1140.9140625, 598.58984375)
2021-11-17 05:20:56,909 menu          DEBUG  Current menu state: HOME
2021-11-17 05:20:57,910 menu           INFO  (725.88671875, -58.10546875)
2021-11-17 05:20:58,713 menu          DEBUG  Current menu state: HOME
2021-11-17 05:20:59,714 menu           INFO  (589.13671875, -103.0)
2021-11-17 05:21:00,082 menu           INFO  (589.13671875, -103.0)
2021-11-17 05:21:00,550 menu          DEBUG  Current menu state: HOME
2021-11-17 05:21:00,881 menu          DEBUG  Current menu state: HOME
2021-11-17 05:21:00,881 menu          DEBUG  Navigating to home
2021-11-17 05:21:00,881 menu           INFO  (644.13671875, 14.0)
2021-11-17 05:21:01,412 menu          DEBUG  Current menu state: HOME
2021-11-17 05:21:01,412 menu           INFO  (644.13671875, 14.0)
2021-11-17 05:21:01,551 menu           INFO  (644.13671875, 14.0)
2021-11-17 05:21:02,216 menu          DEBUG  Current menu state: HOME
2021-11-17 05:21:02,216 menu          DEBUG  Navigating to mode select
2021-11-17 05:21:02,216 menu           INFO  (644.13671875, 14.0)
2021-11-17 05:21:02,321 menu          DEBUG  Current menu state: HOME
2021-11-17 05:21:02,985 menu          DEBUG  Current menu state: HOME
2021-11-17 05:21:03,323 menu           INFO  (122.92863464355469, 37.295013427734375)
2021-11-17 05:21:04,130 menu          DEBUG  Current menu state: OTHER
2021-11-17 05:21:04,187 menu           INFO  (644.9286346435547, 14.295013427734375)
2021-11-17 05:21:04,968 menu          DEBUG  Current menu state: OTHER
2021-11-17 05:21:05,131 menu           INFO  (120.99365234375, 37.45243835449219)
2021-11-17 05:21:05,926 menu          DEBUG  Current menu state: OTHER
2021-11-17 05:21:06,087 menu           INFO  (120.99365234375, 37.45243835449219)
2021-11-17 05:21:06,876 menu          DEBUG  Current menu state: OTHER
2021-11-17 05:21:06,927 menu           INFO  (122.06613159179688, 35.09364318847656)
2021-11-17 05:21:07,690 menu          DEBUG  Current menu state: OTHER
2021-11-17 05:21:07,933 menu           INFO  (122.06613159179688, 35.09364318847656)
2021-11-17 05:21:08,691 menu           INFO  (122.06613159179688, 35.09364318847656)
2021-11-17 05:21:08,751 menu          DEBUG  Current menu state: OTHER
2021-11-17 05:21:08,751 menu          ERROR  Unable to start game: Could not navigate to mode select screen
2021-11-17 05:21:09,454 menu          DEBUG  Current menu state: OTHER
2021-11-17 05:21:10,455 menu           INFO  (122.06613159179688, 35.09364318847656)
2021-11-17 05:21:11,264 menu          DEBUG  Current menu state: OTHER
2021-11-17 05:21:12,266 menu           INFO  (1238.87890625, 61.671875)
2021-11-17 05:21:13,077 menu          DEBUG  Current menu state: OTHER
2021-11-17 05:21:14,079 menu           INFO  (615.578125, 275.8203125)
2021-11-17 05:21:14,464 menu          DEBUG  Current menu state: NOT_VISIBLE
2021-11-17 05:21:15,465 menu           INFO  (1163.12109375, 335.171875)
2021-11-17 05:21:15,814 menu          DEBUG  Current menu state: NOT_VISIBLE
2021-11-17 05:21:16,815 menu           INFO  (931.9375, 248.19140625)
2021-11-17 05:21:17,167 menu          DEBUG  Current menu state: NOT_VISIBLE
2021-11-17 05:21:18,168 menu           INFO  (1070.828125, 257.50390625)
2021-11-17 05:21:18,544 menu          DEBUG  Current menu state: NOT_VISIBLE
2021-11-17 05:21:19,544 menu           INFO  (1041.54296875, 197.8671875)
2021-11-17 05:21:19,898 menu          DEBUG  Current menu state: NOT_VISIBLE
2021-11-17 05:21:20,899 menu           INFO  (930.65234375, 91.75)
2021-11-17 05:21:21,244 menu          DEBUG  Current menu state: NOT_VISIBLE
2021-11-17 05:21:22,245 menu           INFO  (601.99609375, 355.53515625)
2021-11-17 05:21:22,616 menu          DEBUG  Current menu state: NOT_VISIBLE
2021-11-17 05:21:23,616 menu           INFO  (1077.47265625, 282.75390625)
2021-11-17 05:21:23,968 menu          DEBUG  Current menu state: NOT_VISIBLE
2021-11-17 05:21:24,969 menu           INFO  (1021.16796875, 269.2578125)
2021-11-17 05:21:25,329 menu          DEBUG  Current menu state: NOT_VISIBLE
2021-11-17 05:21:26,331 menu           INFO  (1518.53515625, 29.26953125)
2021-11-17 05:21:26,676 menu          DEBUG  Current menu state: NOT_VISIBLE
2021-11-17 05:22:06,986 menu          DEBUG  Current menu state: HOME
2021-11-17 05:22:06,986 menu          DEBUG  Navigating to home
2021-11-17 05:22:07,095 menu          DEBUG  Current menu state: HOME
2021-11-17 05:22:07,208 menu          DEBUG  Current menu state: HOME
2021-11-17 05:22:07,208 menu          DEBUG  Navigating to mode select
2021-11-17 05:22:07,314 menu          DEBUG  Current menu state: HOME
2021-11-17 05:22:08,759 menu          DEBUG  Current menu state: MODE_SELECT
2021-11-17 05:22:08,866 menu          DEBUG  Current menu state: MODE_SELECT
2021-11-17 05:22:08,866 menu          DEBUG  Navigating to tutorial
2021-11-17 05:22:12,182 menu          DEBUG  Selecting the right tutorial part
2021-11-17 05:22:14,200 menu          DEBUG  Launching the game
