2021-11-17 03:56:10,176 vision        DEBUG  menu_anchor.png with threshold=0.75 found at 0 location(s):
2021-11-17 03:56:10,179 vision        DEBUG  maximum match = 0.21 | []
2021-11-17 03:56:13,774 vision        DEBUG  menu_anchor.png with threshold=0.75 found at 2 location(s):
2021-11-17 03:56:13,774 vision        DEBUG  maximum match = 0.90 | [(1282, 118), (1284, 118)]
2021-11-17 03:56:13,838 vision        DEBUG  home_marker1.png with threshold=0.75 found at 0 location(s):
2021-11-17 03:56:13,839 vision        DEBUG  maximum match = 0.59 | []
2021-11-17 03:56:13,895 vision        DEBUG  home_marker2.png with threshold=0.75 found at 0 location(s):
2021-11-17 03:56:13,896 vision        DEBUG  maximum match = 0.51 | []
2021-11-17 03:56:13,957 vision        DEBUG  mode_select_marker.png with threshold=0.85 found at 0 location(s):
2021-11-17 03:56:13,958 vision        DEBUG  maximum match = 0.78 | []
2021-11-17 03:56:14,020 vision        DEBUG  in_queue_marker.png with threshold=0.8 found at 0 location(s):
2021-11-17 03:56:14,020 vision        DEBUG  maximum match = 0.51 | []
2021-11-17 03:56:14,076 vision        DEBUG  party_marker.png with threshold=0.8 found at 0 location(s):
2021-11-17 03:56:14,076 vision        DEBUG  maximum match = 0.40 | []
2021-11-17 03:56:14,145 vision        DEBUG  champ_select_marker1.png with threshold=0.75 found at 0 location(s):
2021-11-17 03:56:14,145 vision        DEBUG  maximum match = 0.32 | []
2021-11-17 03:56:14,200 vision        DEBUG  champ_select_marker2.png with threshold=0.75 found at 0 location(s):
2021-11-17 03:56:14,200 vision        DEBUG  maximum match = 0.41 | []
2021-11-17 03:56:14,649 vision        DEBUG  champ_select_marker3.png with threshold=0.8 found at 0 location(s):
2021-11-17 03:56:14,649 vision        DEBUG  maximum match = 0.25 | []
2021-11-17 03:56:14,702 vision        DEBUG  menu_anchor.png with threshold=0.75 found at 2 location(s):
2021-11-17 03:56:14,702 vision        DEBUG  maximum match = 0.90 | [(1282, 118), (1284, 118)]
2021-11-17 03:56:14,764 vision        DEBUG  home_marker1.png with threshold=0.75 found at 0 location(s):
2021-11-17 03:56:14,764 vision        DEBUG  maximum match = 0.59 | []
2021-11-17 03:56:14,820 vision        DEBUG  home_marker2.png with threshold=0.75 found at 0 location(s):
2021-11-17 03:56:14,820 vision        DEBUG  maximum match = 0.51 | []
2021-11-17 03:56:14,884 vision        DEBUG  mode_select_marker.png with threshold=0.85 found at 0 location(s):
2021-11-17 03:56:14,884 vision        DEBUG  maximum match = 0.78 | []
2021-11-17 03:56:14,945 vision        DEBUG  in_queue_marker.png with threshold=0.8 found at 0 location(s):
2021-11-17 03:56:14,945 vision        DEBUG  maximum match = 0.51 | []
2021-11-17 03:56:15,001 vision        DEBUG  party_marker.png with threshold=0.8 found at 0 location(s):
2021-11-17 03:56:15,002 vision        DEBUG  maximum match = 0.40 | []
2021-11-17 03:56:15,070 vision        DEBUG  champ_select_marker1.png with threshold=0.75 found at 0 location(s):
2021-11-17 03:56:15,070 vision        DEBUG  maximum match = 0.32 | []
2021-11-17 03:56:15,502 vision        DEBUG  champ_select_marker2.png with threshold=0.75 found at 0 location(s):
2021-11-17 03:56:15,502 vision        DEBUG  maximum match = 0.41 | []
2021-11-17 03:56:15,568 vision        DEBUG  champ_select_marker3.png with threshold=0.8 found at 0 location(s):
2021-11-17 03:56:15,568 vision        DEBUG  maximum match = 0.25 | []
2021-11-17 03:56:17,702 vision        DEBUG  menu_anchor.png with threshold=0.75 found at 2 location(s):
2021-11-17 03:56:17,703 vision        DEBUG  maximum match = 0.90 | [(1282, 118), (1284, 118)]
2021-11-17 03:56:17,765 vision        DEBUG  home_marker1.png with threshold=0.75 found at 0 location(s):
2021-11-17 03:56:17,766 vision        DEBUG  maximum match = 0.59 | []
2021-11-17 03:56:17,822 vision        DEBUG  home_marker2.png with threshold=0.75 found at 0 location(s):
2021-11-17 03:56:17,822 vision        DEBUG  maximum match = 0.51 | []
2021-11-17 03:56:17,883 vision        DEBUG  mode_select_marker.png with threshold=0.85 found at 0 location(s):
2021-11-17 03:56:17,884 vision        DEBUG  maximum match = 0.78 | []
2021-11-17 03:56:17,944 vision        DEBUG  in_queue_marker.png with threshold=0.8 found at 0 location(s):
2021-11-17 03:56:17,945 vision        DEBUG  maximum match = 0.51 | []
2021-11-17 03:56:18,000 vision        DEBUG  party_marker.png with threshold=0.8 found at 0 location(s):
2021-11-17 03:56:18,001 vision        DEBUG  maximum match = 0.40 | []
2021-11-17 03:56:18,067 vision        DEBUG  champ_select_marker1.png with threshold=0.75 found at 0 location(s):
2021-11-17 03:56:18,067 vision        DEBUG  maximum match = 0.28 | []
2021-11-17 03:56:18,121 vision        DEBUG  champ_select_marker2.png with threshold=0.75 found at 0 location(s):
2021-11-17 03:56:18,121 vision        DEBUG  maximum match = 0.41 | []
2021-11-17 03:56:18,560 vision        DEBUG  champ_select_marker3.png with threshold=0.8 found at 0 location(s):
2021-11-17 03:56:18,560 vision        DEBUG  maximum match = 0.25 | []
2021-11-17 03:56:20,657 vision        DEBUG  menu_anchor.png with threshold=0.75 found at 2 location(s):
2021-11-17 03:56:20,657 vision        DEBUG  maximum match = 0.90 | [(1282, 118), (1284, 118)]
2021-11-17 03:56:20,719 vision        DEBUG  home_marker1.png with threshold=0.75 found at 0 location(s):
2021-11-17 03:56:20,719 vision        DEBUG  maximum match = 0.59 | []
2021-11-17 03:56:20,775 vision        DEBUG  home_marker2.png with threshold=0.75 found at 0 location(s):
2021-11-17 03:56:20,776 vision        DEBUG  maximum match = 0.51 | []
2021-11-17 03:56:20,837 vision        DEBUG  mode_select_marker.png with threshold=0.85 found at 0 location(s):
2021-11-17 03:56:20,837 vision        DEBUG  maximum match = 0.78 | []
2021-11-17 03:56:20,897 vision        DEBUG  in_queue_marker.png with threshold=0.8 found at 0 location(s):
2021-11-17 03:56:20,898 vision        DEBUG  maximum match = 0.51 | []
2021-11-17 03:56:20,953 vision        DEBUG  party_marker.png with threshold=0.8 found at 0 location(s):
2021-11-17 03:56:20,953 vision        DEBUG  maximum match = 0.40 | []
2021-11-17 03:56:21,019 vision        DEBUG  champ_select_marker1.png with threshold=0.75 found at 0 location(s):
2021-11-17 03:56:21,019 vision        DEBUG  maximum match = 0.36 | []
2021-11-17 03:56:21,072 vision        DEBUG  champ_select_marker2.png with threshold=0.75 found at 0 location(s):
2021-11-17 03:56:21,072 vision        DEBUG  maximum match = 0.41 | []
2021-11-17 03:56:21,498 vision        DEBUG  champ_select_marker3.png with threshold=0.8 found at 0 location(s):
2021-11-17 03:56:21,498 vision        DEBUG  maximum match = 0.25 | []
2021-11-17 03:56:23,539 vision        DEBUG  menu_anchor.png with threshold=0.75 found at 2 location(s):
2021-11-17 03:56:23,539 vision        DEBUG  maximum match = 0.90 | [(1282, 118), (1284, 118)]
2021-11-17 03:56:23,600 vision        DEBUG  home_marker1.png with threshold=0.75 found at 0 location(s):
2021-11-17 03:56:23,601 vision        DEBUG  maximum match = 0.59 | []
2021-11-17 03:56:23,656 vision        DEBUG  home_marker2.png with threshold=0.75 found at 0 location(s):
2021-11-17 03:56:23,657 vision        DEBUG  maximum match = 0.51 | []
2021-11-17 03:56:23,718 vision        DEBUG  mode_select_marker.png with threshold=0.85 found at 0 location(s):
2021-11-17 03:56:23,718 vision        DEBUG  maximum match = 0.78 | []
2021-11-17 03:56:23,779 vision        DEBUG  in_queue_marker.png with threshold=0.8 found at 0 location(s):
2021-11-17 03:56:23,779 vision        DEBUG  maximum match = 0.51 | []
2021-11-17 03:56:23,834 vision        DEBUG  party_marker.png with threshold=0.8 found at 0 location(s):
2021-11-17 03:56:23,834 vision        DEBUG  maximum match = 0.40 | []
2021-11-17 03:56:23,901 vision        DEBUG  champ_select_marker1.png with threshold=0.75 found at 0 location(s):
2021-11-17 03:56:23,901 vision        DEBUG  maximum match = 0.36 | []
2021-11-17 03:56:23,955 vision        DEBUG  champ_select_marker2.png with threshold=0.75 found at 0 location(s):
2021-11-17 03:56:23,955 vision        DEBUG  maximum match = 0.41 | []
2021-11-17 03:56:24,364 vision        DEBUG  champ_select_marker3.png with threshold=0.8 found at 0 location(s):
2021-11-17 03:56:24,365 vision        DEBUG  maximum match = 0.25 | []
